2016-10-09 12:15:41,574 INFO [main] f.Executar [Executar.java:27] Fundamentos main
2016-10-09 12:15:42,600 INFO [main] f.Executar [StartupInfoLogger.java:48] Starting Executar on rogerio-casa with PID 7812 (C:\Users\Rogerio\git\fundamentalista\fundamentalista\target\classes started by Rogerio in C:\Users\Rogerio\git\fundamentalista\fundamentalista)
2016-10-09 12:15:42,601 INFO [main] f.Executar [SpringApplication.java:661] No active profile set, falling back to default profiles: default
2016-10-09 12:15:46,542 INFO [main] f.Executar [StartupInfoLogger.java:57] Started Executar in 4.553 seconds (JVM running for 6.229)
2016-10-09 12:17:25,955 INFO [main] f.Executar [Executar.java:27] Fundamentos main
2016-10-09 12:17:26,374 INFO [main] f.Executar [StartupInfoLogger.java:48] Starting Executar on rogerio-casa with PID 20696 (C:\Users\Rogerio\git\fundamentalista\fundamentalista\target\classes started by Rogerio in C:\Users\Rogerio\git\fundamentalista\fundamentalista)
2016-10-09 12:17:26,375 INFO [main] f.Executar [SpringApplication.java:661] No active profile set, falling back to default profiles: default
2016-10-09 12:17:30,498 INFO [main] f.Executar [StartupInfoLogger.java:57] Started Executar in 4.392 seconds (JVM running for 4.957)
2016-10-09 12:18:18,990 INFO [main] f.Executar [Executar.java:27] Fundamentos main
2016-10-09 12:18:20,020 INFO [main] f.Executar [StartupInfoLogger.java:48] Starting Executar on rogerio-casa with PID 15940 (C:\Users\Rogerio\git\fundamentalista\fundamentalista\target\classes started by Rogerio in C:\Users\Rogerio\git\fundamentalista\fundamentalista)
2016-10-09 12:18:20,020 INFO [main] f.Executar [SpringApplication.java:661] No active profile set, falling back to default profiles: default
2016-10-09 12:18:24,235 INFO [main] f.Executar [StartupInfoLogger.java:57] Started Executar in 4.857 seconds (JVM running for 6.366)
2016-10-09 12:18:28,551 INFO [AWT-EventQueue-0] f.v.PapelView [PapelView.java:163] Service null
2016-10-09 12:21:16,991 INFO [main] f.Executar [Executar.java:27] Fundamentos main
2016-10-09 12:21:17,896 INFO [main] f.Executar [StartupInfoLogger.java:48] Starting Executar on rogerio-casa with PID 9624 (C:\Users\Rogerio\git\fundamentalista\fundamentalista\target\classes started by Rogerio in C:\Users\Rogerio\git\fundamentalista\fundamentalista)
2016-10-09 12:21:17,896 INFO [main] f.Executar [SpringApplication.java:661] No active profile set, falling back to default profiles: default
2016-10-09 12:21:22,188 INFO [main] f.Executar [StartupInfoLogger.java:57] Started Executar in 4.801 seconds (JVM running for 5.789)
2016-10-09 12:21:29,480 INFO [AWT-EventQueue-0] f.v.PapelView [PapelView.java:163] Service fundamentalista.service.impl.PapelServiceImpl@537ba698
2016-10-09 12:22:07,035 INFO [main] f.Executar [Executar.java:29] Fundamentos main
2016-10-09 12:22:07,473 INFO [main] f.Executar [StartupInfoLogger.java:48] Starting Executar on rogerio-casa with PID 14072 (C:\Users\Rogerio\git\fundamentalista\fundamentalista\target\classes started by Rogerio in C:\Users\Rogerio\git\fundamentalista\fundamentalista)
2016-10-09 12:22:07,474 INFO [main] f.Executar [SpringApplication.java:661] No active profile set, falling back to default profiles: default
2016-10-09 12:22:11,637 INFO [main] f.Executar [StartupInfoLogger.java:57] Started Executar in 4.456 seconds (JVM running for 5.729)
2016-10-09 12:22:41,729 INFO [main] f.Executar [Executar.java:29] Fundamentos main
2016-10-09 12:22:42,145 INFO [main] f.Executar [StartupInfoLogger.java:48] Starting Executar on rogerio-casa with PID 21396 (C:\Users\Rogerio\git\fundamentalista\fundamentalista\target\classes started by Rogerio in C:\Users\Rogerio\git\fundamentalista\fundamentalista)
2016-10-09 12:22:42,146 INFO [main] f.Executar [SpringApplication.java:661] No active profile set, falling back to default profiles: default
2016-10-09 12:22:46,308 INFO [main] f.Executar [StartupInfoLogger.java:57] Started Executar in 4.434 seconds (JVM running for 5.092)
2016-10-09 12:23:11,399 INFO [main] f.Executar [Executar.java:29] Fundamentalista inicializar
2016-10-09 12:23:12,233 INFO [main] f.Executar [StartupInfoLogger.java:48] Starting Executar on rogerio-casa with PID 18900 (C:\Users\Rogerio\git\fundamentalista\fundamentalista\target\classes started by Rogerio in C:\Users\Rogerio\git\fundamentalista\fundamentalista)
2016-10-09 12:23:12,235 INFO [main] f.Executar [SpringApplication.java:661] No active profile set, falling back to default profiles: default
2016-10-09 12:23:16,158 INFO [main] f.Executar [StartupInfoLogger.java:57] Started Executar in 4.48 seconds (JVM running for 5.281)
2016-10-09 12:23:21,849 INFO [AWT-EventQueue-0] f.v.PapelView [PapelView.java:163] Service fundamentalista.service.impl.PapelServiceImpl@37c54db5
2016-10-09 13:30:29,638 INFO [main] f.Executar [Executar.java:27] Fundamentalista inicializar
2016-10-09 13:30:30,660 INFO [main] f.Executar [StartupInfoLogger.java:48] Starting Executar on rogerio-casa with PID 14928 (C:\Users\Rogerio\git\fundamentalista\fundamentalista\target\classes started by Rogerio in C:\Users\Rogerio\git\fundamentalista\fundamentalista)
2016-10-09 13:30:30,661 INFO [main] f.Executar [SpringApplication.java:661] No active profile set, falling back to default profiles: default
2016-10-09 13:30:36,311 INFO [main] f.Executar [StartupInfoLogger.java:57] Started Executar in 6.223 seconds (JVM running for 7.794)
2016-10-09 13:30:37,868 INFO [AWT-EventQueue-0] f.v.PapelView [PapelView.java:163] Service fundamentalista.service.impl.PapelServiceImpl@69bdea1e
2016-10-09 13:32:06,372 INFO [main] f.Executar [Executar.java:27] Fundamentalista inicializar
2016-10-09 13:32:06,826 INFO [main] f.Executar [StartupInfoLogger.java:48] Starting Executar on rogerio-casa with PID 6828 (C:\Users\Rogerio\git\fundamentalista\fundamentalista\target\classes started by Rogerio in C:\Users\Rogerio\git\fundamentalista\fundamentalista)
2016-10-09 13:32:06,826 INFO [main] f.Executar [SpringApplication.java:661] No active profile set, falling back to default profiles: default
2016-10-09 13:32:10,899 INFO [main] f.Executar [StartupInfoLogger.java:57] Started Executar in 4.364 seconds (JVM running for 4.963)
2016-10-09 13:32:13,720 INFO [AWT-EventQueue-0] f.v.PapelView [PapelView.java:163] Service fundamentalista.service.impl.PapelServiceImpl@12a00ed9
2016-10-09 13:35:40,058 INFO [main] f.Executar [Executar.java:27] Fundamentalista inicializar
2016-10-09 13:35:40,466 INFO [main] f.Executar [StartupInfoLogger.java:48] Starting Executar on rogerio-casa with PID 6804 (C:\Users\Rogerio\git\fundamentalista\fundamentalista\target\classes started by Rogerio in C:\Users\Rogerio\git\fundamentalista\fundamentalista)
2016-10-09 13:35:40,466 INFO [main] f.Executar [SpringApplication.java:661] No active profile set, falling back to default profiles: default
2016-10-09 13:35:45,165 INFO [main] f.Executar [StartupInfoLogger.java:57] Started Executar in 4.955 seconds (JVM running for 5.466)
2016-10-09 13:35:46,321 INFO [AWT-EventQueue-0] f.v.PapelView [PapelView.java:161] PapelView.createMenuItemTodoSetor().new ActionListener() {...}.actionPerformed() 
2016-10-09 13:35:53,817 INFO [main] f.Executar [Executar.java:27] Fundamentalista inicializar
2016-10-09 13:35:54,328 INFO [main] f.Executar [StartupInfoLogger.java:48] Starting Executar on rogerio-casa with PID 16884 (C:\Users\Rogerio\git\fundamentalista\fundamentalista\target\classes started by Rogerio in C:\Users\Rogerio\git\fundamentalista\fundamentalista)
2016-10-09 13:35:54,329 INFO [main] f.Executar [SpringApplication.java:661] No active profile set, falling back to default profiles: default
2016-10-09 13:36:00,191 INFO [main] f.Executar [StartupInfoLogger.java:57] Started Executar in 6.196 seconds (JVM running for 6.819)
2016-10-09 13:36:08,620 INFO [AWT-EventQueue-0] f.v.PapelView [PapelView.java:161] PapelView.createMenuItemTodoSetor().new ActionListener() {...}.actionPerformed() 
2016-10-09 13:36:39,054 INFO [AWT-EventQueue-0] f.v.PapelView [PapelView.java:161] PapelView.createMenuItemTodoSetor().new ActionListener() {...}.actionPerformed() 
2016-10-09 13:39:54,745 INFO [main] f.Executar [Executar.java:27] Fundamentalista inicializar
2016-10-09 13:39:55,608 INFO [main] f.Executar [StartupInfoLogger.java:48] Starting Executar on rogerio-casa with PID 15676 (C:\Users\Rogerio\git\fundamentalista\fundamentalista\target\classes started by Rogerio in C:\Users\Rogerio\git\fundamentalista\fundamentalista)
2016-10-09 13:39:55,609 INFO [main] f.Executar [SpringApplication.java:661] No active profile set, falling back to default profiles: default
2016-10-09 13:40:00,105 INFO [main] f.Executar [StartupInfoLogger.java:57] Started Executar in 4.937 seconds (JVM running for 6.532)
2016-10-09 13:40:02,224 INFO [AWT-EventQueue-0] f.v.PapelView [PapelView.java:161] PapelView.createMenuItemTodoSetor().new ActionListener() {...}.actionPerformed() 
2016-10-09 13:41:23,629 INFO [main] f.Executar [Executar.java:27] Fundamentalista inicializar
2016-10-09 13:41:24,327 INFO [main] f.Executar [StartupInfoLogger.java:48] Starting Executar on rogerio-casa with PID 20864 (C:\Users\Rogerio\git\fundamentalista\fundamentalista\target\classes started by Rogerio in C:\Users\Rogerio\git\fundamentalista\fundamentalista)
2016-10-09 13:41:24,328 INFO [main] f.Executar [SpringApplication.java:661] No active profile set, falling back to default profiles: default
2016-10-09 13:41:28,408 INFO [main] f.Executar [StartupInfoLogger.java:57] Started Executar in 4.42 seconds (JVM running for 5.919)
2016-10-09 13:41:32,841 INFO [AWT-EventQueue-0] f.v.PapelView [PapelView.java:161] PapelView.createMenuItemTodoSetor().new ActionListener() {...}.actionPerformed() 
2016-10-09 13:41:42,754 INFO [AWT-EventQueue-0] f.v.PapelView [PapelView.java:139] PapelView.createMenuItemEnergetico().new ActionListener() {...}.actionPerformed()
2016-10-09 13:42:03,249 INFO [main] f.Executar [Executar.java:27] Fundamentalista inicializar
2016-10-09 13:42:04,202 INFO [main] f.Executar [StartupInfoLogger.java:48] Starting Executar on rogerio-casa with PID 15124 (C:\Users\Rogerio\git\fundamentalista\fundamentalista\target\classes started by Rogerio in C:\Users\Rogerio\git\fundamentalista\fundamentalista)
2016-10-09 13:42:04,205 INFO [main] f.Executar [SpringApplication.java:661] No active profile set, falling back to default profiles: default
2016-10-09 13:42:08,420 INFO [main] f.Executar [StartupInfoLogger.java:57] Started Executar in 4.798 seconds (JVM running for 6.364)
2016-10-09 13:42:10,446 INFO [AWT-EventQueue-0] f.v.PapelView [PapelView.java:161] PapelView.createMenuItemTodoSetor().new ActionListener() {...}.actionPerformed() 
2016-10-09 13:42:57,397 INFO [main] f.Executar [Executar.java:27] Fundamentalista inicializar
2016-10-09 13:42:57,917 INFO [main] f.Executar [StartupInfoLogger.java:48] Starting Executar on rogerio-casa with PID 20320 (C:\Users\Rogerio\git\fundamentalista\fundamentalista\target\classes started by Rogerio in C:\Users\Rogerio\git\fundamentalista\fundamentalista)
2016-10-09 13:42:57,917 INFO [main] f.Executar [SpringApplication.java:661] No active profile set, falling back to default profiles: default
2016-10-09 13:43:04,341 INFO [main] f.Executar [StartupInfoLogger.java:57] Started Executar in 6.761 seconds (JVM running for 7.388)
2016-10-09 13:43:11,405 INFO [AWT-EventQueue-0] f.v.PapelView [PapelView.java:161] PapelView.createMenuItemTodoSetor().new ActionListener() {...}.actionPerformed() 
2016-10-09 14:20:04,140 INFO [main] f.Executar [Executar.java:27] Fundamentalista inicializar
2016-10-09 14:20:04,974 INFO [main] f.Executar [StartupInfoLogger.java:48] Starting Executar on rogerio-casa with PID 9740 (C:\Users\Rogerio\git\fundamentalista\fundamentalista\target\classes started by Rogerio in C:\Users\Rogerio\git\fundamentalista\fundamentalista)
2016-10-09 14:20:04,975 INFO [main] f.Executar [SpringApplication.java:661] No active profile set, falling back to default profiles: default
2016-10-09 14:20:09,046 INFO [main] f.Executar [StartupInfoLogger.java:57] Started Executar in 4.599 seconds (JVM running for 6.149)
2016-10-09 14:20:11,624 INFO [AWT-EventQueue-0] f.v.PapelView [PapelView.java:162] PapelView.createMenuItemTodoSetor().new ActionListener() {...}.actionPerformed() 
2016-10-09 14:20:11,625 INFO [AWT-EventQueue-0] f.s.i.PapelServiceImpl [PapelServiceImpl.java:99] PapelServiceImpl.findBySetor() TODOS
2016-10-09 14:20:11,766 INFO [AWT-EventQueue-0] f.s.i.PapelServiceImpl [PapelServiceImpl.java:115] PapelServiceImpl.createPapeis() TODOS
2016-10-09 14:20:15,382 INFO [AWT-EventQueue-0] f.s.i.PapelServiceImpl [PapelServiceImpl.java:31] PapelServiceImpl.analizarPapeis()
2016-10-09 14:20:23,954 INFO [AWT-EventQueue-0] f.v.PapelView [PapelView.java:140] PapelView.createMenuItemEnergetico().new ActionListener() {...}.actionPerformed()
2016-10-09 14:20:23,954 INFO [AWT-EventQueue-0] f.s.i.PapelServiceImpl [PapelServiceImpl.java:99] PapelServiceImpl.findBySetor() ENERGÉTICO
2016-10-09 14:20:24,002 INFO [AWT-EventQueue-0] f.s.i.PapelServiceImpl [PapelServiceImpl.java:115] PapelServiceImpl.createPapeis() ENERGÉTICO
2016-10-09 14:20:24,582 INFO [AWT-EventQueue-0] f.s.i.PapelServiceImpl [PapelServiceImpl.java:31] PapelServiceImpl.analizarPapeis()
2016-10-09 14:21:06,261 INFO [AWT-EventQueue-0] f.v.PapelView [PapelView.java:162] PapelView.createMenuItemTodoSetor().new ActionListener() {...}.actionPerformed() 
2016-10-09 14:21:06,262 INFO [AWT-EventQueue-0] f.s.i.PapelServiceImpl [PapelServiceImpl.java:99] PapelServiceImpl.findBySetor() TODOS
2016-10-09 14:21:06,889 INFO [AWT-EventQueue-0] f.s.i.PapelServiceImpl [PapelServiceImpl.java:31] PapelServiceImpl.analizarPapeis()
2016-10-09 14:21:23,863 INFO [AWT-EventQueue-0] f.s.i.PapelServiceImpl [PapelServiceImpl.java:99] PapelServiceImpl.findBySetor() VESTUÁRIO
2016-10-09 14:21:23,893 INFO [AWT-EventQueue-0] f.s.i.PapelServiceImpl [PapelServiceImpl.java:115] PapelServiceImpl.createPapeis() VESTUÁRIO
2016-10-09 14:21:24,964 INFO [AWT-EventQueue-0] f.s.i.PapelServiceImpl [PapelServiceImpl.java:31] PapelServiceImpl.analizarPapeis()
2016-10-09 14:21:34,521 INFO [AWT-EventQueue-0] f.v.PapelView [PapelView.java:162] PapelView.createMenuItemTodoSetor().new ActionListener() {...}.actionPerformed() 
2016-10-09 14:21:34,522 INFO [AWT-EventQueue-0] f.s.i.PapelServiceImpl [PapelServiceImpl.java:99] PapelServiceImpl.findBySetor() TODOS
2016-10-09 14:21:35,059 INFO [AWT-EventQueue-0] f.s.i.PapelServiceImpl [PapelServiceImpl.java:31] PapelServiceImpl.analizarPapeis()
2016-10-09 14:21:36,466 INFO [AWT-EventQueue-0] f.s.i.PapelServiceImpl [PapelServiceImpl.java:99] PapelServiceImpl.findBySetor() FINANCEIRO
2016-10-09 14:21:36,496 INFO [AWT-EventQueue-0] f.s.i.PapelServiceImpl [PapelServiceImpl.java:115] PapelServiceImpl.createPapeis() FINANCEIRO
2016-10-09 14:21:37,261 INFO [AWT-EventQueue-0] f.s.i.PapelServiceImpl [PapelServiceImpl.java:31] PapelServiceImpl.analizarPapeis()
2016-10-09 14:26:08,793 INFO [main] f.Executar [Executar.java:25] Fundamentalista inicializar
2016-10-09 14:26:09,749 INFO [main] f.Executar [StartupInfoLogger.java:48] Starting Executar on rogerio-casa with PID 1164 (C:\Users\Rogerio\git\fundamentalista\fundamentalista\target\classes started by Rogerio in C:\Users\Rogerio\git\fundamentalista\fundamentalista)
2016-10-09 14:26:09,749 INFO [main] f.Executar [SpringApplication.java:661] No active profile set, falling back to default profiles: default
2016-10-09 14:27:47,651 INFO [main] f.Executar [Executar.java:25] Fundamentalista inicializar
2016-10-09 14:27:48,172 INFO [main] f.Executar [StartupInfoLogger.java:48] Starting Executar on rogerio-casa with PID 16652 (C:\Users\Rogerio\git\fundamentalista\fundamentalista\target\classes started by Rogerio in C:\Users\Rogerio\git\fundamentalista\fundamentalista)
2016-10-09 14:27:48,172 INFO [main] f.Executar [SpringApplication.java:661] No active profile set, falling back to default profiles: default
2016-10-09 14:27:53,849 INFO [main] f.Executar [StartupInfoLogger.java:57] Started Executar in 5.995 seconds (JVM running for 6.665)
2016-10-09 14:27:56,610 INFO [AWT-EventQueue-0] f.v.PapelView [PapelView.java:162] PapelView.createMenuItemTodoSetor().new ActionListener() {...}.actionPerformed() 
2016-10-09 14:27:56,610 INFO [AWT-EventQueue-0] f.s.i.PapelServiceImpl [PapelServiceImpl.java:99] PapelServiceImpl.findBySetor() TODOS
2016-10-09 14:27:56,954 INFO [AWT-EventQueue-0] f.s.i.PapelServiceImpl [PapelServiceImpl.java:115] PapelServiceImpl.createPapeis() TODOS
2016-10-09 14:28:25,477 INFO [AWT-EventQueue-0] f.s.i.PapelServiceImpl [PapelServiceImpl.java:31] PapelServiceImpl.analizarPapeis()
2016-10-09 14:28:52,951 INFO [AWT-EventQueue-0] f.v.PapelView [PapelView.java:140] PapelView.createMenuItemEnergetico().new ActionListener() {...}.actionPerformed()
2016-10-09 14:28:52,951 INFO [AWT-EventQueue-0] f.s.i.PapelServiceImpl [PapelServiceImpl.java:99] PapelServiceImpl.findBySetor() ENERGÉTICO
2016-10-09 14:28:53,108 INFO [AWT-EventQueue-0] f.s.i.PapelServiceImpl [PapelServiceImpl.java:115] PapelServiceImpl.createPapeis() ENERGÉTICO
2016-10-09 14:37:01,936 INFO [main] f.Executar [Executar.java:25] Fundamentalista inicializar
2016-10-09 14:37:02,863 INFO [main] f.Executar [StartupInfoLogger.java:48] Starting Executar on rogerio-casa with PID 9228 (C:\Users\Rogerio\git\fundamentalista\fundamentalista\target\classes started by Rogerio in C:\Users\Rogerio\git\fundamentalista\fundamentalista)
2016-10-09 14:37:02,864 INFO [main] f.Executar [SpringApplication.java:661] No active profile set, falling back to default profiles: default
2016-10-09 14:37:07,946 INFO [main] f.Executar [StartupInfoLogger.java:57] Started Executar in 5.593 seconds (JVM running for 7.222)
2016-10-09 14:37:10,995 INFO [AWT-EventQueue-0] f.v.PapelView [PapelView.java:162] PapelView.createMenuItemTodoSetor().new ActionListener() {...}.actionPerformed() 
2016-10-09 14:37:10,996 INFO [AWT-EventQueue-0] f.s.i.PapelServiceImpl [PapelServiceImpl.java:100] PapelServiceImpl.findBySetor() TODOS
2016-10-09 14:37:11,172 INFO [AWT-EventQueue-0] f.s.i.PapelServiceImpl [PapelServiceImpl.java:116] PapelServiceImpl.createPapeis() TODOS
2016-10-09 14:40:36,754 INFO [main] f.Executar [Executar.java:25] Fundamentalista inicializar
2016-10-09 14:40:37,809 INFO [main] f.Executar [StartupInfoLogger.java:48] Starting Executar on rogerio-casa with PID 6268 (C:\Users\Rogerio\git\fundamentalista\fundamentalista\target\classes started by Rogerio in C:\Users\Rogerio\git\fundamentalista\fundamentalista)
2016-10-09 14:40:37,810 INFO [main] f.Executar [SpringApplication.java:661] No active profile set, falling back to default profiles: default
2016-10-09 14:40:42,659 INFO [main] f.Executar [StartupInfoLogger.java:57] Started Executar in 5.586 seconds (JVM running for 7.209)
2016-10-09 14:40:48,953 INFO [AWT-EventQueue-0] f.v.PapelView [PapelView.java:162] PapelView.createMenuItemTodoSetor().new ActionListener() {...}.actionPerformed() 
2016-10-09 14:40:48,954 INFO [AWT-EventQueue-0] f.s.i.PapelServiceImpl [PapelServiceImpl.java:101] PapelServiceImpl.findBySetor() TODOS
2016-10-09 14:40:49,268 INFO [AWT-EventQueue-0] f.s.i.PapelServiceImpl [PapelServiceImpl.java:117] PapelServiceImpl.createPapeis() TODOS
2016-10-09 14:40:52,774 INFO [AWT-EventQueue-0] f.s.i.PapelServiceImpl [PapelServiceImpl.java:33] PapelServiceImpl.analizarPapeis()
2016-10-09 14:40:56,175 INFO [AWT-EventQueue-0] f.v.PapelView [PapelView.java:140] PapelView.createMenuItemEnergetico().new ActionListener() {...}.actionPerformed()
2016-10-09 14:40:56,176 INFO [AWT-EventQueue-0] f.s.i.PapelServiceImpl [PapelServiceImpl.java:101] PapelServiceImpl.findBySetor() ENERGÉTICO
2016-10-09 14:40:56,220 INFO [AWT-EventQueue-0] f.s.i.PapelServiceImpl [PapelServiceImpl.java:117] PapelServiceImpl.createPapeis() ENERGÉTICO
2016-10-09 14:40:59,964 INFO [AWT-EventQueue-0] f.s.i.PapelServiceImpl [PapelServiceImpl.java:33] PapelServiceImpl.analizarPapeis()
2016-10-09 14:42:32,223 INFO [main] f.Executar [Executar.java:25] Fundamentalista inicializar
2016-10-09 14:42:33,039 INFO [main] f.Executar [StartupInfoLogger.java:48] Starting Executar on rogerio-casa with PID 15920 (C:\Users\Rogerio\git\fundamentalista\fundamentalista\target\classes started by Rogerio in C:\Users\Rogerio\git\fundamentalista\fundamentalista)
2016-10-09 14:42:33,042 INFO [main] f.Executar [SpringApplication.java:661] No active profile set, falling back to default profiles: default
2016-10-09 14:42:37,498 INFO [main] f.Executar [StartupInfoLogger.java:57] Started Executar in 5.011 seconds (JVM running for 6.446)
2016-10-09 14:43:31,955 INFO [AWT-EventQueue-0] f.v.PapelView [PapelView.java:162] PapelView.createMenuItemTodoSetor().new ActionListener() {...}.actionPerformed() 
2016-10-09 14:43:31,956 INFO [AWT-EventQueue-0] f.s.i.PapelServiceImpl [PapelServiceImpl.java:100] PapelServiceImpl.findBySetor() TODOS
2016-10-09 14:43:32,170 INFO [AWT-EventQueue-0] f.s.i.PapelServiceImpl [PapelServiceImpl.java:116] PapelServiceImpl.createPapeis() TODOS
2016-10-09 14:43:35,559 INFO [AWT-EventQueue-0] f.s.i.PapelServiceImpl [PapelServiceImpl.java:32] PapelServiceImpl.analizarPapeis()
2016-10-09 14:43:39,907 INFO [AWT-EventQueue-0] f.v.PapelView [PapelView.java:140] PapelView.createMenuItemEnergetico().new ActionListener() {...}.actionPerformed()
2016-10-09 14:43:39,908 INFO [AWT-EventQueue-0] f.s.i.PapelServiceImpl [PapelServiceImpl.java:100] PapelServiceImpl.findBySetor() ENERGÉTICO
2016-10-09 14:43:40,037 INFO [AWT-EventQueue-0] f.s.i.PapelServiceImpl [PapelServiceImpl.java:116] PapelServiceImpl.createPapeis() ENERGÉTICO
2016-10-09 14:43:45,827 INFO [AWT-EventQueue-0] f.s.i.PapelServiceImpl [PapelServiceImpl.java:32] PapelServiceImpl.analizarPapeis()
2016-10-09 14:43:50,748 INFO [AWT-EventQueue-0] f.v.PapelView [PapelView.java:162] PapelView.createMenuItemTodoSetor().new ActionListener() {...}.actionPerformed() 
2016-10-09 14:43:50,749 INFO [AWT-EventQueue-0] f.s.i.PapelServiceImpl [PapelServiceImpl.java:100] PapelServiceImpl.findBySetor() TODOS
2016-10-09 14:43:51,689 INFO [AWT-EventQueue-0] f.s.i.PapelServiceImpl [PapelServiceImpl.java:32] PapelServiceImpl.analizarPapeis()
2016-10-09 14:43:53,333 INFO [AWT-EventQueue-0] f.v.PapelView [PapelView.java:140] PapelView.createMenuItemEnergetico().new ActionListener() {...}.actionPerformed()
2016-10-09 14:43:53,334 INFO [AWT-EventQueue-0] f.s.i.PapelServiceImpl [PapelServiceImpl.java:100] PapelServiceImpl.findBySetor() ENERGÉTICO
2016-10-09 14:43:53,389 INFO [AWT-EventQueue-0] f.s.i.PapelServiceImpl [PapelServiceImpl.java:32] PapelServiceImpl.analizarPapeis()
2016-10-09 14:45:18,862 INFO [main] f.Executar [Executar.java:25] Fundamentalista inicializar
2016-10-09 14:45:19,525 INFO [main] f.Executar [StartupInfoLogger.java:48] Starting Executar on rogerio-casa with PID 13628 (C:\Users\Rogerio\git\fundamentalista\fundamentalista\target\classes started by Rogerio in C:\Users\Rogerio\git\fundamentalista\fundamentalista)
2016-10-09 14:45:19,526 INFO [main] f.Executar [SpringApplication.java:661] No active profile set, falling back to default profiles: default
2016-10-09 14:45:27,378 INFO [main] f.Executar [StartupInfoLogger.java:57] Started Executar in 8.269 seconds (JVM running for 9.06)
2016-10-09 14:45:28,458 INFO [AWT-EventQueue-0] f.v.PapelView [PapelView.java:162] PapelView.createMenuItemTodoSetor().new ActionListener() {...}.actionPerformed() 
2016-10-09 14:45:28,459 INFO [AWT-EventQueue-0] f.s.i.PapelServiceImpl [PapelServiceImpl.java:100] PapelServiceImpl.findBySetor() TODOS
2016-10-09 14:45:28,659 INFO [AWT-EventQueue-0] f.s.i.PapelServiceImpl [PapelServiceImpl.java:116] PapelServiceImpl.createPapeis() TODOS
2016-10-09 14:45:43,654 INFO [AWT-EventQueue-0] f.s.i.PapelServiceImpl [PapelServiceImpl.java:32] PapelServiceImpl.analizarPapeis()
2016-10-09 14:45:48,811 INFO [AWT-EventQueue-0] f.v.PapelView [PapelView.java:140] PapelView.createMenuItemEnergetico().new ActionListener() {...}.actionPerformed()
2016-10-09 14:45:48,812 INFO [AWT-EventQueue-0] f.s.i.PapelServiceImpl [PapelServiceImpl.java:100] PapelServiceImpl.findBySetor() ENERGÉTICO
2016-10-09 14:45:48,870 INFO [AWT-EventQueue-0] f.s.i.PapelServiceImpl [PapelServiceImpl.java:116] PapelServiceImpl.createPapeis() ENERGÉTICO
2016-10-09 14:45:56,937 INFO [AWT-EventQueue-0] f.s.i.PapelServiceImpl [PapelServiceImpl.java:32] PapelServiceImpl.analizarPapeis()
2016-10-09 14:46:09,805 INFO [AWT-EventQueue-0] f.s.i.PapelServiceImpl [PapelServiceImpl.java:100] PapelServiceImpl.findBySetor() FINANCEIRO
2016-10-09 14:46:09,842 INFO [AWT-EventQueue-0] f.s.i.PapelServiceImpl [PapelServiceImpl.java:116] PapelServiceImpl.createPapeis() FINANCEIRO
2016-10-09 14:46:15,999 INFO [AWT-EventQueue-0] f.s.i.PapelServiceImpl [PapelServiceImpl.java:32] PapelServiceImpl.analizarPapeis()
2016-10-09 14:46:17,404 INFO [AWT-EventQueue-0] f.v.PapelView [PapelView.java:140] PapelView.createMenuItemEnergetico().new ActionListener() {...}.actionPerformed()
2016-10-09 14:46:17,404 INFO [AWT-EventQueue-0] f.s.i.PapelServiceImpl [PapelServiceImpl.java:100] PapelServiceImpl.findBySetor() ENERGÉTICO
2016-10-09 14:46:17,478 INFO [AWT-EventQueue-0] f.s.i.PapelServiceImpl [PapelServiceImpl.java:32] PapelServiceImpl.analizarPapeis()
2016-10-09 14:46:19,760 INFO [AWT-EventQueue-0] f.s.i.PapelServiceImpl [PapelServiceImpl.java:100] PapelServiceImpl.findBySetor() VESTUÁRIO
2016-10-09 14:46:19,794 INFO [AWT-EventQueue-0] f.s.i.PapelServiceImpl [PapelServiceImpl.java:116] PapelServiceImpl.createPapeis() VESTUÁRIO
2016-10-09 14:46:24,435 INFO [AWT-EventQueue-0] f.s.i.PapelServiceImpl [PapelServiceImpl.java:32] PapelServiceImpl.analizarPapeis()
2016-10-09 14:46:40,059 INFO [AWT-EventQueue-0] f.v.PapelView [PapelView.java:162] PapelView.createMenuItemTodoSetor().new ActionListener() {...}.actionPerformed() 
2016-10-09 14:46:40,059 INFO [AWT-EventQueue-0] f.s.i.PapelServiceImpl [PapelServiceImpl.java:100] PapelServiceImpl.findBySetor() TODOS
2016-10-09 14:46:40,622 INFO [AWT-EventQueue-0] f.s.i.PapelServiceImpl [PapelServiceImpl.java:32] PapelServiceImpl.analizarPapeis()
2016-10-09 14:46:42,275 INFO [AWT-EventQueue-0] f.v.PapelView [PapelView.java:140] PapelView.createMenuItemEnergetico().new ActionListener() {...}.actionPerformed()
2016-10-09 14:46:42,276 INFO [AWT-EventQueue-0] f.s.i.PapelServiceImpl [PapelServiceImpl.java:100] PapelServiceImpl.findBySetor() ENERGÉTICO
2016-10-09 14:46:42,355 INFO [AWT-EventQueue-0] f.s.i.PapelServiceImpl [PapelServiceImpl.java:32] PapelServiceImpl.analizarPapeis()
2016-10-09 14:46:44,235 INFO [AWT-EventQueue-0] f.s.i.PapelServiceImpl [PapelServiceImpl.java:100] PapelServiceImpl.findBySetor() FINANCEIRO
2016-10-09 14:46:44,297 INFO [AWT-EventQueue-0] f.s.i.PapelServiceImpl [PapelServiceImpl.java:32] PapelServiceImpl.analizarPapeis()
2016-10-09 14:46:45,851 INFO [AWT-EventQueue-0] f.v.PapelView [PapelView.java:162] PapelView.createMenuItemTodoSetor().new ActionListener() {...}.actionPerformed() 
2016-10-09 14:46:45,852 INFO [AWT-EventQueue-0] f.s.i.PapelServiceImpl [PapelServiceImpl.java:100] PapelServiceImpl.findBySetor() TODOS
2016-10-09 14:46:46,319 INFO [AWT-EventQueue-0] f.s.i.PapelServiceImpl [PapelServiceImpl.java:32] PapelServiceImpl.analizarPapeis()
2016-10-09 14:47:02,261 INFO [AWT-EventQueue-0] f.s.i.PapelServiceImpl [PapelServiceImpl.java:100] PapelServiceImpl.findBySetor() VESTUÁRIO
2016-10-09 14:47:02,313 INFO [AWT-EventQueue-0] f.s.i.PapelServiceImpl [PapelServiceImpl.java:32] PapelServiceImpl.analizarPapeis()
2016-10-09 14:47:04,668 INFO [AWT-EventQueue-0] f.s.i.PapelServiceImpl [PapelServiceImpl.java:100] PapelServiceImpl.findBySetor() FINANCEIRO
2016-10-09 14:47:04,725 INFO [AWT-EventQueue-0] f.s.i.PapelServiceImpl [PapelServiceImpl.java:32] PapelServiceImpl.analizarPapeis()
2016-10-09 14:47:10,598 INFO [AWT-EventQueue-0] f.v.PapelView [PapelView.java:140] PapelView.createMenuItemEnergetico().new ActionListener() {...}.actionPerformed()
2016-10-09 14:47:10,598 INFO [AWT-EventQueue-0] f.s.i.PapelServiceImpl [PapelServiceImpl.java:100] PapelServiceImpl.findBySetor() ENERGÉTICO
2016-10-09 14:47:10,667 INFO [AWT-EventQueue-0] f.s.i.PapelServiceImpl [PapelServiceImpl.java:32] PapelServiceImpl.analizarPapeis()
2016-10-09 14:47:32,152 INFO [AWT-EventQueue-0] f.v.PapelView [PapelView.java:162] PapelView.createMenuItemTodoSetor().new ActionListener() {...}.actionPerformed() 
2016-10-09 14:47:32,152 INFO [AWT-EventQueue-0] f.s.i.PapelServiceImpl [PapelServiceImpl.java:100] PapelServiceImpl.findBySetor() TODOS
2016-10-09 14:47:32,638 INFO [AWT-EventQueue-0] f.s.i.PapelServiceImpl [PapelServiceImpl.java:32] PapelServiceImpl.analizarPapeis()
2020-01-09 08:44:30,053 INFO [main] f.Executar [Executar.java:25] Fundamentalista inicializar
2020-01-09 08:47:47,170 INFO [main] f.Executar [Executar.java:25] Fundamentalista inicializar
2020-01-09 08:47:48,034 INFO [main] f.Executar [StartupInfoLogger.java:48] Starting Executar on C820-62007 with PID 18760 (H:\git\fundamentalista\fundamentalista\target\classes started by s203489 in H:\git\fundamentalista\fundamentalista)
2020-01-09 08:47:48,036 INFO [main] f.Executar [SpringApplication.java:661] No active profile set, falling back to default profiles: default
2020-01-09 08:50:22,026 INFO [main] f.Executar [Executar.java:25] Fundamentalista inicializar
2020-01-09 08:50:22,867 INFO [main] f.Executar [StartupInfoLogger.java:48] Starting Executar on C820-62007 with PID 1996 (H:\git\fundamentalista\fundamentalista\target\classes started by s203489 in H:\git\fundamentalista\fundamentalista)
2020-01-09 08:50:22,868 INFO [main] f.Executar [SpringApplication.java:661] No active profile set, falling back to default profiles: default
2020-01-09 08:53:46,010 INFO [main] f.Executar [Executar.java:25] Fundamentalista inicializar
2020-01-09 08:53:46,879 INFO [main] f.Executar [StartupInfoLogger.java:48] Starting Executar on C820-62007 with PID 308 (H:\git\fundamentalista\fundamentalista\target\classes started by s203489 in H:\git\fundamentalista\fundamentalista)
2020-01-09 08:53:46,881 INFO [main] f.Executar [SpringApplication.java:661] No active profile set, falling back to default profiles: default
2020-01-09 08:54:07,990 INFO [main] f.Executar [Executar.java:25] Fundamentalista inicializar
2020-01-09 08:54:08,872 INFO [main] f.Executar [StartupInfoLogger.java:48] Starting Executar on C820-62007 with PID 15796 (H:\git\fundamentalista\fundamentalista\target\classes started by s203489 in H:\git\fundamentalista\fundamentalista)
2020-01-09 08:54:08,873 INFO [main] f.Executar [SpringApplication.java:661] No active profile set, falling back to default profiles: default
2020-01-09 08:55:36,356 INFO [main] f.Executar [Executar.java:25] Fundamentalista inicializar
2020-01-09 08:55:37,199 INFO [main] f.Executar [StartupInfoLogger.java:48] Starting Executar on C820-62007 with PID 18792 (H:\git\fundamentalista\fundamentalista\target\classes started by s203489 in H:\git\fundamentalista\fundamentalista)
2020-01-09 08:55:37,200 INFO [main] f.Executar [SpringApplication.java:661] No active profile set, falling back to default profiles: default
2020-01-09 08:57:40,040 INFO [main] f.Executar [Executar.java:25] Fundamentalista inicializar
2020-01-09 08:57:40,932 INFO [main] f.Executar [StartupInfoLogger.java:48] Starting Executar on C820-62007 with PID 11968 (H:\git\fundamentalista\fundamentalista\target\classes started by s203489 in H:\git\fundamentalista\fundamentalista)
2020-01-09 08:57:40,934 INFO [main] f.Executar [SpringApplication.java:661] No active profile set, falling back to default profiles: default
2020-01-09 09:02:38,065 INFO [main] f.Executar [Executar.java:25] Fundamentalista inicializar
2020-01-09 09:02:38,940 INFO [main] f.Executar [StartupInfoLogger.java:48] Starting Executar on C820-62007 with PID 19880 (H:\git\fundamentalista\fundamentalista\target\classes started by s203489 in H:\git\fundamentalista\fundamentalista)
2020-01-09 09:02:38,941 INFO [main] f.Executar [SpringApplication.java:661] No active profile set, falling back to default profiles: default
2020-01-09 09:03:13,698 INFO [main] f.Executar [Executar.java:25] Fundamentalista inicializar
2020-01-09 09:03:45,789 INFO [main] f.Executar [Executar.java:25] Fundamentalista inicializar
2020-01-09 09:03:46,736 INFO [main] f.Executar [StartupInfoLogger.java:48] Starting Executar on C820-62007 with PID 372 (H:\git\fundamentalista\fundamentalista\target\classes started by s203489 in H:\git\fundamentalista\fundamentalista)
2020-01-09 09:03:46,738 INFO [main] f.Executar [SpringApplication.java:661] No active profile set, falling back to default profiles: default
2020-01-09 09:08:50,454 INFO [main] f.Executar [Executar.java:23] Fundamentalista inicializar
2020-01-09 09:08:51,354 INFO [main] f.Executar [StartupInfoLogger.java:48] Starting Executar on C820-62007 with PID 788 (H:\git\fundamentalista\fundamentalista\target\classes started by s203489 in H:\git\fundamentalista\fundamentalista)
2020-01-09 09:08:51,355 INFO [main] f.Executar [SpringApplication.java:661] No active profile set, falling back to default profiles: default
2020-01-09 09:09:43,010 INFO [main] f.Executar [Executar.java:23] Fundamentalista inicializar
2020-01-09 09:09:43,846 INFO [main] f.Executar [StartupInfoLogger.java:48] Starting Executar on C820-62007 with PID 19420 (H:\git\fundamentalista\fundamentalista\target\classes started by s203489 in H:\git\fundamentalista\fundamentalista)
2020-01-09 09:09:43,847 INFO [main] f.Executar [SpringApplication.java:661] No active profile set, falling back to default profiles: default
2020-01-09 09:17:36,154 INFO [main] f.Executar [Executar.java:31] Fundamentalista inicializar
2020-01-09 09:17:37,217 INFO [main] f.Executar [StartupInfoLogger.java:50] Starting Executar on C820-62007 with PID 19196 (H:\git\fundamentalista\fundamentalista\target\classes started by s203489 in H:\git\fundamentalista\fundamentalista)
2020-01-09 09:17:37,220 INFO [main] f.Executar [SpringApplication.java:680] No active profile set, falling back to default profiles: default
2020-01-09 09:18:13,389 INFO [main] f.Executar [Executar.java:31] Fundamentalista inicializar
2020-01-09 09:18:15,207 INFO [main] f.Executar [StartupInfoLogger.java:50] Starting Executar on C820-62007 with PID 13172 (H:\git\fundamentalista\fundamentalista\target\classes started by s203489 in H:\git\fundamentalista\fundamentalista)
2020-01-09 09:18:15,209 INFO [main] f.Executar [SpringApplication.java:680] No active profile set, falling back to default profiles: default
2020-01-09 09:18:39,896 INFO [main] f.Executar [Executar.java:31] Fundamentalista inicializar
2020-01-09 09:18:41,543 INFO [main] f.Executar [StartupInfoLogger.java:50] Starting Executar on C820-62007 with PID 10424 (H:\git\fundamentalista\fundamentalista\target\classes started by s203489 in H:\git\fundamentalista\fundamentalista)
2020-01-09 09:18:41,545 INFO [main] f.Executar [SpringApplication.java:680] No active profile set, falling back to default profiles: default
2020-01-09 09:19:29,786 INFO [main] f.Executar [Executar.java:31] Fundamentalista inicializar
2020-01-09 09:19:33,702 INFO [main] f.Executar [StartupInfoLogger.java:50] Starting Executar on C820-62007 with PID 18764 (H:\git\fundamentalista\fundamentalista\target\classes started by s203489 in H:\git\fundamentalista\fundamentalista)
2020-01-09 09:19:33,707 INFO [main] f.Executar [SpringApplication.java:680] No active profile set, falling back to default profiles: default
2020-01-09 09:19:56,867 INFO [main] f.Executar [Executar.java:31] Fundamentalista inicializar
2020-01-09 09:20:01,395 INFO [main] f.Executar [StartupInfoLogger.java:50] Starting Executar on C820-62007 with PID 15364 (H:\git\fundamentalista\fundamentalista\target\classes started by s203489 in H:\git\fundamentalista\fundamentalista)
2020-01-09 09:20:01,397 INFO [main] f.Executar [SpringApplication.java:680] No active profile set, falling back to default profiles: default
2020-01-09 09:21:55,972 INFO [main] f.Executar [Executar.java:31] Fundamentalista inicializar
2020-01-09 09:21:57,090 INFO [main] f.Executar [StartupInfoLogger.java:50] Starting Executar on C820-62007 with PID 12372 (H:\git\fundamentalista\fundamentalista\target\classes started by s203489 in H:\git\fundamentalista\fundamentalista)
2020-01-09 09:21:57,091 INFO [main] f.Executar [SpringApplication.java:680] No active profile set, falling back to default profiles: default
2020-01-09 09:22:31,252 INFO [main] f.Executar [Executar.java:31] Fundamentalista inicializar
2020-01-09 09:22:32,331 INFO [main] f.Executar [StartupInfoLogger.java:50] Starting Executar on C820-62007 with PID 7360 (H:\git\fundamentalista\fundamentalista\target\classes started by s203489 in H:\git\fundamentalista\fundamentalista)
2020-01-09 09:22:32,334 INFO [main] f.Executar [SpringApplication.java:680] No active profile set, falling back to default profiles: default
2020-01-09 09:22:53,266 INFO [main] f.Executar [Executar.java:31] Fundamentalista inicializar
2020-01-09 09:22:54,299 INFO [main] f.Executar [StartupInfoLogger.java:50] Starting Executar on C820-62007 with PID 17236 (H:\git\fundamentalista\fundamentalista\target\classes started by s203489 in H:\git\fundamentalista\fundamentalista)
2020-01-09 09:22:54,300 INFO [main] f.Executar [SpringApplication.java:680] No active profile set, falling back to default profiles: default
2020-01-09 09:23:00,443 ERROR [main] f.Executar [Executar.java:58] Unable to start web server; nested exception is org.springframework.boot.web.server.WebServerException: Unable to start embedded Tomcat
2020-01-09 09:26:47,048 INFO [main] f.Executar [Executar.java:19] Fundamentalista inicializar
2020-01-09 09:26:48,215 INFO [main] f.Executar [StartupInfoLogger.java:50] Starting Executar on C820-62007 with PID 18448 (H:\git\fundamentalista\fundamentalista\target\classes started by s203489 in H:\git\fundamentalista\fundamentalista)
2020-01-09 09:26:48,217 INFO [main] f.Executar [SpringApplication.java:680] No active profile set, falling back to default profiles: default
2020-01-09 09:26:54,679 ERROR [main] f.Executar [Executar.java:46] Unable to start web server; nested exception is org.springframework.boot.web.server.WebServerException: Unable to start embedded Tomcat
2020-01-09 09:29:03,273 INFO [main] f.Executar [Executar.java:19] Fundamentalista inicializar
2020-01-09 09:29:04,309 INFO [main] f.Executar [StartupInfoLogger.java:50] Starting Executar on C820-62007 with PID 14664 (H:\git\fundamentalista\fundamentalista\target\classes started by s203489 in H:\git\fundamentalista\fundamentalista)
2020-01-09 09:29:04,311 INFO [main] f.Executar [SpringApplication.java:680] No active profile set, falling back to default profiles: default
2020-01-09 09:29:08,192 ERROR [main] f.Executar [Executar.java:46] Error creating bean with name 'papelService': Unsatisfied dependency expressed through field 'papelRepository'; nested exception is org.springframework.beans.factory.NoSuchBeanDefinitionException: No qualifying bean of type 'fundamentalista.repository.PapelRepository' available: expected at least 1 bean which qualifies as autowire candidate. Dependency annotations: {@org.springframework.beans.factory.annotation.Autowired(required=true)}
2020-01-09 09:31:05,708 INFO [main] f.Executar [Executar.java:19] Fundamentalista inicializar
2020-01-09 09:31:06,728 INFO [main] f.Executar [StartupInfoLogger.java:50] Starting Executar on C820-62007 with PID 19256 (H:\git\fundamentalista\fundamentalista\target\classes started by s203489 in H:\git\fundamentalista\fundamentalista)
2020-01-09 09:31:06,730 INFO [main] f.Executar [SpringApplication.java:680] No active profile set, falling back to default profiles: default
2020-01-09 09:31:10,146 ERROR [main] f.Executar [Executar.java:46] Error creating bean with name 'papelView' defined in file [H:\git\fundamentalista\fundamentalista\target\classes\fundamentalista\view\PapelView.class]: Instantiation of bean failed; nested exception is org.springframework.beans.BeanInstantiationException: Failed to instantiate [fundamentalista.view.PapelView]: Constructor threw exception; nested exception is java.awt.HeadlessException
2020-01-09 09:33:11,057 INFO [main] f.Executar [Executar.java:19] Fundamentalista inicializar
2020-01-09 09:33:12,092 INFO [main] f.Executar [StartupInfoLogger.java:50] Starting Executar on C820-62007 with PID 15836 (H:\git\fundamentalista\fundamentalista\target\classes started by s203489 in H:\git\fundamentalista\fundamentalista)
2020-01-09 09:33:12,094 INFO [main] f.Executar [SpringApplication.java:680] No active profile set, falling back to default profiles: default
2020-01-09 09:33:17,396 ERROR [main] f.Executar [Executar.java:46] Error creating bean with name 'redisTemplate' defined in class path resource [org/springframework/boot/autoconfigure/data/redis/RedisAutoConfiguration.class]: Unsatisfied dependency expressed through method 'redisTemplate' parameter 0; nested exception is org.springframework.beans.factory.NoSuchBeanDefinitionException: No qualifying bean of type 'org.springframework.data.redis.connection.RedisConnectionFactory' available: expected at least 1 bean which qualifies as autowire candidate. Dependency annotations: {}
2020-01-09 09:35:23,009 INFO [main] f.Executar [Executar.java:22] Fundamentalista inicializar
2020-01-09 09:35:24,045 INFO [main] f.Executar [StartupInfoLogger.java:50] Starting Executar on C820-62007 with PID 16740 (H:\git\fundamentalista\fundamentalista\target\classes started by s203489 in H:\git\fundamentalista\fundamentalista)
2020-01-09 09:35:24,047 INFO [main] f.Executar [SpringApplication.java:680] No active profile set, falling back to default profiles: default
2020-01-09 09:35:29,711 ERROR [main] f.Executar [Executar.java:49] Error creating bean with name 'redisTemplate' defined in class path resource [org/springframework/boot/autoconfigure/data/redis/RedisAutoConfiguration.class]: Unsatisfied dependency expressed through method 'redisTemplate' parameter 0; nested exception is org.springframework.beans.factory.NoSuchBeanDefinitionException: No qualifying bean of type 'org.springframework.data.redis.connection.RedisConnectionFactory' available: expected at least 1 bean which qualifies as autowire candidate. Dependency annotations: {}
2020-01-09 09:36:53,072 INFO [main] f.Executar [Executar.java:22] Fundamentalista inicializar
2020-01-09 09:36:54,112 INFO [main] f.Executar [StartupInfoLogger.java:50] Starting Executar on C820-62007 with PID 13536 (H:\git\fundamentalista\fundamentalista\target\classes started by s203489 in H:\git\fundamentalista\fundamentalista)
2020-01-09 09:36:54,115 INFO [main] f.Executar [SpringApplication.java:680] No active profile set, falling back to default profiles: default
2020-01-09 09:37:01,695 INFO [main] f.Executar [StartupInfoLogger.java:59] Started Executar in 8.274 seconds (JVM running for 9.297)
2020-01-09 09:37:50,226 INFO [main] f.Executar [Executar.java:22] Fundamentalista inicializar
2020-01-09 09:37:51,265 INFO [main] f.Executar [StartupInfoLogger.java:50] Starting Executar on C820-62007 with PID 17228 (H:\git\fundamentalista\fundamentalista\target\classes started by s203489 in H:\git\fundamentalista\fundamentalista)
2020-01-09 09:37:51,268 INFO [main] f.Executar [SpringApplication.java:680] No active profile set, falling back to default profiles: default
2020-01-09 09:37:58,535 INFO [main] f.Executar [StartupInfoLogger.java:59] Started Executar in 7.941 seconds (JVM running for 8.93)
2020-01-09 09:38:00,481 INFO [AWT-EventQueue-0] f.v.PapelView [PapelView.java:162] PapelView.createMenuItemTodoSetor().new ActionListener() {...}.actionPerformed() 
2020-01-09 09:38:00,482 INFO [AWT-EventQueue-0] f.s.i.PapelServiceImpl [PapelServiceImpl.java:96] PapelServiceImpl.findBySetor() TODOS
2020-01-09 09:38:00,483 INFO [AWT-EventQueue-0] f.s.i.PapelServiceImpl [PapelServiceImpl.java:112] PapelServiceImpl.createPapeis() TODOS
2020-01-09 09:38:01,188 INFO [AWT-EventQueue-0] f.s.i.PapelServiceImpl [PapelServiceImpl.java:28] PapelServiceImpl.analizarPapeis()
2020-01-09 09:38:05,472 INFO [AWT-EventQueue-0] f.v.PapelView [PapelView.java:140] PapelView.createMenuItemEnergetico().new ActionListener() {...}.actionPerformed()
2020-01-09 09:38:05,474 INFO [AWT-EventQueue-0] f.s.i.PapelServiceImpl [PapelServiceImpl.java:96] PapelServiceImpl.findBySetor() ENERGÉTICO
2020-01-09 09:38:05,475 INFO [AWT-EventQueue-0] f.s.i.PapelServiceImpl [PapelServiceImpl.java:112] PapelServiceImpl.createPapeis() ENERGÉTICO
2020-01-09 09:38:05,778 INFO [AWT-EventQueue-0] f.s.i.PapelServiceImpl [PapelServiceImpl.java:28] PapelServiceImpl.analizarPapeis()
2020-01-09 09:38:07,824 INFO [AWT-EventQueue-0] f.s.i.PapelServiceImpl [PapelServiceImpl.java:96] PapelServiceImpl.findBySetor() VESTUÁRIO
2020-01-09 09:38:07,825 INFO [AWT-EventQueue-0] f.s.i.PapelServiceImpl [PapelServiceImpl.java:112] PapelServiceImpl.createPapeis() VESTUÁRIO
2020-01-09 09:38:08,157 INFO [AWT-EventQueue-0] f.s.i.PapelServiceImpl [PapelServiceImpl.java:28] PapelServiceImpl.analizarPapeis()
2020-01-09 09:38:14,704 INFO [AWT-EventQueue-0] f.v.PapelView [PapelView.java:162] PapelView.createMenuItemTodoSetor().new ActionListener() {...}.actionPerformed() 
2020-01-09 09:38:14,705 INFO [AWT-EventQueue-0] f.s.i.PapelServiceImpl [PapelServiceImpl.java:96] PapelServiceImpl.findBySetor() TODOS
2020-01-09 09:38:14,706 INFO [AWT-EventQueue-0] f.s.i.PapelServiceImpl [PapelServiceImpl.java:112] PapelServiceImpl.createPapeis() TODOS
2020-01-09 09:38:15,005 INFO [AWT-EventQueue-0] f.s.i.PapelServiceImpl [PapelServiceImpl.java:28] PapelServiceImpl.analizarPapeis()
2020-01-09 09:39:09,070 INFO [main] f.Executar [Executar.java:22] Fundamentalista inicializar
2020-01-09 09:39:10,211 INFO [main] f.Executar [StartupInfoLogger.java:50] Starting Executar on C820-62007 with PID 20440 (H:\git\fundamentalista\fundamentalista\target\classes started by s203489 in H:\git\fundamentalista\fundamentalista)
2020-01-09 09:39:10,213 INFO [main] f.Executar [SpringApplication.java:680] No active profile set, falling back to default profiles: default
2020-01-09 09:39:17,269 INFO [main] f.Executar [StartupInfoLogger.java:59] Started Executar in 7.826 seconds (JVM running for 8.907)
2020-01-09 09:40:33,298 INFO [AWT-EventQueue-0] f.v.PapelView [PapelView.java:162] PapelView.createMenuItemTodoSetor().new ActionListener() {...}.actionPerformed() 
2020-01-09 09:40:33,300 INFO [AWT-EventQueue-0] f.s.i.PapelServiceImpl [PapelServiceImpl.java:96] PapelServiceImpl.findBySetor() TODOS
2020-01-09 09:40:33,301 INFO [AWT-EventQueue-0] f.s.i.PapelServiceImpl [PapelServiceImpl.java:112] PapelServiceImpl.createPapeis() TODOS
2020-01-09 09:41:23,562 INFO [main] f.Executar [Executar.java:22] Fundamentalista inicializar
2020-01-09 09:41:24,902 INFO [main] f.Executar [StartupInfoLogger.java:50] Starting Executar on C820-62007 with PID 13536 (H:\git\fundamentalista\fundamentalista\target\classes started by s203489 in H:\git\fundamentalista\fundamentalista)
2020-01-09 09:41:24,916 INFO [main] f.Executar [SpringApplication.java:680] No active profile set, falling back to default profiles: default
2020-01-09 09:41:31,586 INFO [main] f.Executar [StartupInfoLogger.java:59] Started Executar in 7.659 seconds (JVM running for 8.64)
2020-01-09 09:41:38,394 INFO [AWT-EventQueue-0] f.v.PapelView [PapelView.java:162] PapelView.createMenuItemTodoSetor().new ActionListener() {...}.actionPerformed() 
2020-01-09 09:41:38,396 INFO [AWT-EventQueue-0] f.s.i.PapelServiceImpl [PapelServiceImpl.java:96] PapelServiceImpl.findBySetor() TODOS
2020-01-09 09:41:38,397 INFO [AWT-EventQueue-0] f.s.i.PapelServiceImpl [PapelServiceImpl.java:112] PapelServiceImpl.createPapeis() TODOS
2020-01-09 09:41:40,207 INFO [AWT-EventQueue-0] f.s.i.PapelServiceImpl [PapelServiceImpl.java:28] PapelServiceImpl.analizarPapeis()
2020-01-09 09:41:55,282 INFO [AWT-EventQueue-0] f.v.PapelView [PapelView.java:140] PapelView.createMenuItemEnergetico().new ActionListener() {...}.actionPerformed()
2020-01-09 09:41:55,283 INFO [AWT-EventQueue-0] f.s.i.PapelServiceImpl [PapelServiceImpl.java:96] PapelServiceImpl.findBySetor() ENERGÉTICO
2020-01-09 09:41:55,284 INFO [AWT-EventQueue-0] f.s.i.PapelServiceImpl [PapelServiceImpl.java:112] PapelServiceImpl.createPapeis() ENERGÉTICO
2020-01-09 09:41:56,059 INFO [AWT-EventQueue-0] f.s.i.PapelServiceImpl [PapelServiceImpl.java:28] PapelServiceImpl.analizarPapeis()
2020-01-09 09:41:59,217 INFO [AWT-EventQueue-0] f.s.i.PapelServiceImpl [PapelServiceImpl.java:96] PapelServiceImpl.findBySetor() FINANCEIRO
2020-01-09 09:41:59,219 INFO [AWT-EventQueue-0] f.s.i.PapelServiceImpl [PapelServiceImpl.java:112] PapelServiceImpl.createPapeis() FINANCEIRO
2020-01-09 09:41:59,844 INFO [AWT-EventQueue-0] f.s.i.PapelServiceImpl [PapelServiceImpl.java:28] PapelServiceImpl.analizarPapeis()
2020-01-09 09:42:02,121 INFO [AWT-EventQueue-0] f.s.i.PapelServiceImpl [PapelServiceImpl.java:96] PapelServiceImpl.findBySetor() VESTUÁRIO
2020-01-09 09:42:02,123 INFO [AWT-EventQueue-0] f.s.i.PapelServiceImpl [PapelServiceImpl.java:112] PapelServiceImpl.createPapeis() VESTUÁRIO
2020-01-09 09:42:02,702 INFO [AWT-EventQueue-0] f.s.i.PapelServiceImpl [PapelServiceImpl.java:28] PapelServiceImpl.analizarPapeis()
2020-01-09 09:42:04,769 INFO [AWT-EventQueue-0] f.v.PapelView [PapelView.java:162] PapelView.createMenuItemTodoSetor().new ActionListener() {...}.actionPerformed() 
2020-01-09 09:42:04,771 INFO [AWT-EventQueue-0] f.s.i.PapelServiceImpl [PapelServiceImpl.java:96] PapelServiceImpl.findBySetor() TODOS
2020-01-09 09:42:04,772 INFO [AWT-EventQueue-0] f.s.i.PapelServiceImpl [PapelServiceImpl.java:112] PapelServiceImpl.createPapeis() TODOS
2020-01-09 09:42:06,302 INFO [AWT-EventQueue-0] f.s.i.PapelServiceImpl [PapelServiceImpl.java:28] PapelServiceImpl.analizarPapeis()
2020-01-09 09:48:28,949 INFO [main] f.Executar [Executar.java:22] Fundamentalista inicializar
2020-01-09 09:48:31,011 INFO [main] f.Executar [StartupInfoLogger.java:50] Starting Executar on C820-62007 with PID 6392 (H:\git\fundamentalista\fundamentalista\target\classes started by s203489 in H:\git\fundamentalista\fundamentalista)
2020-01-09 09:48:31,015 INFO [main] f.Executar [SpringApplication.java:680] No active profile set, falling back to default profiles: default
2020-01-09 09:48:41,856 INFO [main] f.Executar [StartupInfoLogger.java:59] Started Executar in 12.364 seconds (JVM running for 14.012)
2020-01-09 09:48:53,365 INFO [AWT-EventQueue-0] f.s.i.PapelServiceImpl [PapelServiceImpl.java:96] PapelServiceImpl.findBySetor() FINANCEIRO
2020-01-09 09:48:53,366 INFO [AWT-EventQueue-0] f.s.i.PapelServiceImpl [PapelServiceImpl.java:112] PapelServiceImpl.createPapeis() FINANCEIRO
2020-01-09 09:48:54,452 INFO [AWT-EventQueue-0] f.s.i.PapelServiceImpl [PapelServiceImpl.java:28] PapelServiceImpl.analizarPapeis()
2020-01-09 09:49:07,586 INFO [AWT-EventQueue-0] f.v.PapelView [PapelView.java:140] PapelView.createMenuItemEnergetico().new ActionListener() {...}.actionPerformed()
2020-01-09 09:49:07,587 INFO [AWT-EventQueue-0] f.s.i.PapelServiceImpl [PapelServiceImpl.java:96] PapelServiceImpl.findBySetor() ENERGÉTICO
2020-01-09 09:49:07,588 INFO [AWT-EventQueue-0] f.s.i.PapelServiceImpl [PapelServiceImpl.java:112] PapelServiceImpl.createPapeis() ENERGÉTICO
2020-01-09 09:49:08,591 INFO [AWT-EventQueue-0] f.s.i.PapelServiceImpl [PapelServiceImpl.java:28] PapelServiceImpl.analizarPapeis()
2020-01-09 09:49:10,514 INFO [AWT-EventQueue-0] f.s.i.PapelServiceImpl [PapelServiceImpl.java:96] PapelServiceImpl.findBySetor() FINANCEIRO
2020-01-09 09:49:10,515 INFO [AWT-EventQueue-0] f.s.i.PapelServiceImpl [PapelServiceImpl.java:112] PapelServiceImpl.createPapeis() FINANCEIRO
2020-01-09 09:49:11,148 INFO [AWT-EventQueue-0] f.s.i.PapelServiceImpl [PapelServiceImpl.java:28] PapelServiceImpl.analizarPapeis()
2020-01-09 09:49:13,330 INFO [AWT-EventQueue-0] f.s.i.PapelServiceImpl [PapelServiceImpl.java:96] PapelServiceImpl.findBySetor() VESTUÁRIO
2020-01-09 09:49:13,331 INFO [AWT-EventQueue-0] f.s.i.PapelServiceImpl [PapelServiceImpl.java:112] PapelServiceImpl.createPapeis() VESTUÁRIO
2020-01-09 09:49:13,765 INFO [AWT-EventQueue-0] f.s.i.PapelServiceImpl [PapelServiceImpl.java:28] PapelServiceImpl.analizarPapeis()
2020-01-09 09:49:14,970 INFO [AWT-EventQueue-0] f.v.PapelView [PapelView.java:140] PapelView.createMenuItemEnergetico().new ActionListener() {...}.actionPerformed()
2020-01-09 09:49:14,971 INFO [AWT-EventQueue-0] f.s.i.PapelServiceImpl [PapelServiceImpl.java:96] PapelServiceImpl.findBySetor() ENERGÉTICO
2020-01-09 09:49:14,973 INFO [AWT-EventQueue-0] f.s.i.PapelServiceImpl [PapelServiceImpl.java:112] PapelServiceImpl.createPapeis() ENERGÉTICO
2020-01-09 09:49:15,557 INFO [AWT-EventQueue-0] f.s.i.PapelServiceImpl [PapelServiceImpl.java:28] PapelServiceImpl.analizarPapeis()
2020-01-09 09:49:34,194 INFO [AWT-EventQueue-0] f.s.i.PapelServiceImpl [PapelServiceImpl.java:96] PapelServiceImpl.findBySetor() FINANCEIRO
2020-01-09 09:49:34,195 INFO [AWT-EventQueue-0] f.s.i.PapelServiceImpl [PapelServiceImpl.java:112] PapelServiceImpl.createPapeis() FINANCEIRO
2020-01-09 09:49:35,160 INFO [AWT-EventQueue-0] f.s.i.PapelServiceImpl [PapelServiceImpl.java:28] PapelServiceImpl.analizarPapeis()
2020-01-09 09:49:38,570 INFO [AWT-EventQueue-0] f.s.i.PapelServiceImpl [PapelServiceImpl.java:96] PapelServiceImpl.findBySetor() VESTUÁRIO
2020-01-09 09:49:38,571 INFO [AWT-EventQueue-0] f.s.i.PapelServiceImpl [PapelServiceImpl.java:112] PapelServiceImpl.createPapeis() VESTUÁRIO
2020-01-09 09:49:39,030 INFO [AWT-EventQueue-0] f.s.i.PapelServiceImpl [PapelServiceImpl.java:28] PapelServiceImpl.analizarPapeis()
2020-01-09 09:49:48,442 INFO [AWT-EventQueue-0] f.s.i.PapelServiceImpl [PapelServiceImpl.java:96] PapelServiceImpl.findBySetor() FINANCEIRO
2020-01-09 09:49:48,443 INFO [AWT-EventQueue-0] f.s.i.PapelServiceImpl [PapelServiceImpl.java:112] PapelServiceImpl.createPapeis() FINANCEIRO
2020-01-09 09:49:49,221 INFO [AWT-EventQueue-0] f.s.i.PapelServiceImpl [PapelServiceImpl.java:28] PapelServiceImpl.analizarPapeis()
2020-01-09 09:49:53,994 INFO [AWT-EventQueue-0] f.v.PapelView [PapelView.java:140] PapelView.createMenuItemEnergetico().new ActionListener() {...}.actionPerformed()
2020-01-09 09:49:53,995 INFO [AWT-EventQueue-0] f.s.i.PapelServiceImpl [PapelServiceImpl.java:96] PapelServiceImpl.findBySetor() ENERGÉTICO
2020-01-09 09:49:53,996 INFO [AWT-EventQueue-0] f.s.i.PapelServiceImpl [PapelServiceImpl.java:112] PapelServiceImpl.createPapeis() ENERGÉTICO
2020-01-09 09:49:54,807 INFO [AWT-EventQueue-0] f.s.i.PapelServiceImpl [PapelServiceImpl.java:28] PapelServiceImpl.analizarPapeis()
2020-01-09 09:49:56,370 INFO [AWT-EventQueue-0] f.s.i.PapelServiceImpl [PapelServiceImpl.java:96] PapelServiceImpl.findBySetor() VESTUÁRIO
2020-01-09 09:49:56,371 INFO [AWT-EventQueue-0] f.s.i.PapelServiceImpl [PapelServiceImpl.java:112] PapelServiceImpl.createPapeis() VESTUÁRIO
2020-01-09 09:49:57,021 INFO [AWT-EventQueue-0] f.s.i.PapelServiceImpl [PapelServiceImpl.java:28] PapelServiceImpl.analizarPapeis()
2020-01-09 09:49:58,810 INFO [AWT-EventQueue-0] f.s.i.PapelServiceImpl [PapelServiceImpl.java:96] PapelServiceImpl.findBySetor() FINANCEIRO
2020-01-09 09:49:58,811 INFO [AWT-EventQueue-0] f.s.i.PapelServiceImpl [PapelServiceImpl.java:112] PapelServiceImpl.createPapeis() FINANCEIRO
2020-01-09 09:49:59,418 INFO [AWT-EventQueue-0] f.s.i.PapelServiceImpl [PapelServiceImpl.java:28] PapelServiceImpl.analizarPapeis()
2020-01-09 09:50:10,546 INFO [AWT-EventQueue-0] f.v.PapelView [PapelView.java:140] PapelView.createMenuItemEnergetico().new ActionListener() {...}.actionPerformed()
2020-01-09 09:50:10,548 INFO [AWT-EventQueue-0] f.s.i.PapelServiceImpl [PapelServiceImpl.java:96] PapelServiceImpl.findBySetor() ENERGÉTICO
2020-01-09 09:50:10,549 INFO [AWT-EventQueue-0] f.s.i.PapelServiceImpl [PapelServiceImpl.java:112] PapelServiceImpl.createPapeis() ENERGÉTICO
2020-01-09 09:50:11,386 INFO [AWT-EventQueue-0] f.s.i.PapelServiceImpl [PapelServiceImpl.java:28] PapelServiceImpl.analizarPapeis()
2020-01-09 09:50:12,674 INFO [AWT-EventQueue-0] f.s.i.PapelServiceImpl [PapelServiceImpl.java:96] PapelServiceImpl.findBySetor() FINANCEIRO
2020-01-09 09:50:12,676 INFO [AWT-EventQueue-0] f.s.i.PapelServiceImpl [PapelServiceImpl.java:112] PapelServiceImpl.createPapeis() FINANCEIRO
2020-01-09 09:50:13,333 INFO [AWT-EventQueue-0] f.s.i.PapelServiceImpl [PapelServiceImpl.java:28] PapelServiceImpl.analizarPapeis()
2020-01-09 09:50:15,090 INFO [AWT-EventQueue-0] f.s.i.PapelServiceImpl [PapelServiceImpl.java:96] PapelServiceImpl.findBySetor() VESTUÁRIO
2020-01-09 09:50:15,091 INFO [AWT-EventQueue-0] f.s.i.PapelServiceImpl [PapelServiceImpl.java:112] PapelServiceImpl.createPapeis() VESTUÁRIO
2020-01-09 09:50:15,554 INFO [AWT-EventQueue-0] f.s.i.PapelServiceImpl [PapelServiceImpl.java:28] PapelServiceImpl.analizarPapeis()
2020-01-09 09:50:24,250 INFO [AWT-EventQueue-0] f.s.i.PapelServiceImpl [PapelServiceImpl.java:96] PapelServiceImpl.findBySetor() FINANCEIRO
2020-01-09 09:50:24,252 INFO [AWT-EventQueue-0] f.s.i.PapelServiceImpl [PapelServiceImpl.java:112] PapelServiceImpl.createPapeis() FINANCEIRO
2020-01-09 09:50:25,027 INFO [AWT-EventQueue-0] f.s.i.PapelServiceImpl [PapelServiceImpl.java:28] PapelServiceImpl.analizarPapeis()
2020-01-09 09:50:26,594 INFO [AWT-EventQueue-0] f.s.i.PapelServiceImpl [PapelServiceImpl.java:96] PapelServiceImpl.findBySetor() VESTUÁRIO
2020-01-09 09:50:26,595 INFO [AWT-EventQueue-0] f.s.i.PapelServiceImpl [PapelServiceImpl.java:112] PapelServiceImpl.createPapeis() VESTUÁRIO
2020-01-09 09:50:27,038 INFO [AWT-EventQueue-0] f.s.i.PapelServiceImpl [PapelServiceImpl.java:28] PapelServiceImpl.analizarPapeis()
2020-01-09 09:50:37,875 INFO [AWT-EventQueue-0] f.s.i.PapelServiceImpl [PapelServiceImpl.java:96] PapelServiceImpl.findBySetor() FINANCEIRO
2020-01-09 09:50:37,876 INFO [AWT-EventQueue-0] f.s.i.PapelServiceImpl [PapelServiceImpl.java:112] PapelServiceImpl.createPapeis() FINANCEIRO
2020-01-09 09:50:39,358 INFO [AWT-EventQueue-0] f.s.i.PapelServiceImpl [PapelServiceImpl.java:28] PapelServiceImpl.analizarPapeis()
2020-01-09 09:52:12,363 INFO [AWT-EventQueue-0] f.v.PapelView [PapelView.java:162] PapelView.createMenuItemTodoSetor().new ActionListener() {...}.actionPerformed() 
2020-01-09 09:52:12,365 INFO [AWT-EventQueue-0] f.s.i.PapelServiceImpl [PapelServiceImpl.java:96] PapelServiceImpl.findBySetor() TODOS
2020-01-09 09:52:12,365 INFO [AWT-EventQueue-0] f.s.i.PapelServiceImpl [PapelServiceImpl.java:112] PapelServiceImpl.createPapeis() TODOS
2020-01-09 09:52:14,000 INFO [AWT-EventQueue-0] f.s.i.PapelServiceImpl [PapelServiceImpl.java:28] PapelServiceImpl.analizarPapeis()
2020-01-09 09:52:33,995 INFO [AWT-EventQueue-0] f.v.PapelView [PapelView.java:140] PapelView.createMenuItemEnergetico().new ActionListener() {...}.actionPerformed()
2020-01-09 09:52:33,996 INFO [AWT-EventQueue-0] f.s.i.PapelServiceImpl [PapelServiceImpl.java:96] PapelServiceImpl.findBySetor() ENERGÉTICO
2020-01-09 09:52:33,997 INFO [AWT-EventQueue-0] f.s.i.PapelServiceImpl [PapelServiceImpl.java:112] PapelServiceImpl.createPapeis() ENERGÉTICO
2020-01-09 09:52:34,779 INFO [AWT-EventQueue-0] f.s.i.PapelServiceImpl [PapelServiceImpl.java:28] PapelServiceImpl.analizarPapeis()
2020-01-09 09:52:36,099 INFO [AWT-EventQueue-0] f.s.i.PapelServiceImpl [PapelServiceImpl.java:96] PapelServiceImpl.findBySetor() FINANCEIRO
2020-01-09 09:52:36,100 INFO [AWT-EventQueue-0] f.s.i.PapelServiceImpl [PapelServiceImpl.java:112] PapelServiceImpl.createPapeis() FINANCEIRO
2020-01-09 09:52:36,739 INFO [AWT-EventQueue-0] f.s.i.PapelServiceImpl [PapelServiceImpl.java:28] PapelServiceImpl.analizarPapeis()
2020-01-09 09:53:27,251 INFO [AWT-EventQueue-0] f.s.i.PapelServiceImpl [PapelServiceImpl.java:96] PapelServiceImpl.findBySetor() VESTUÁRIO
2020-01-09 09:53:27,253 INFO [AWT-EventQueue-0] f.s.i.PapelServiceImpl [PapelServiceImpl.java:112] PapelServiceImpl.createPapeis() VESTUÁRIO
2020-01-09 09:53:27,910 INFO [AWT-EventQueue-0] f.s.i.PapelServiceImpl [PapelServiceImpl.java:28] PapelServiceImpl.analizarPapeis()
2020-01-09 09:53:43,483 INFO [AWT-EventQueue-0] f.s.i.PapelServiceImpl [PapelServiceImpl.java:96] PapelServiceImpl.findBySetor() VESTUÁRIO
2020-01-09 09:53:43,484 INFO [AWT-EventQueue-0] f.s.i.PapelServiceImpl [PapelServiceImpl.java:112] PapelServiceImpl.createPapeis() VESTUÁRIO
2020-01-09 09:53:44,172 INFO [AWT-EventQueue-0] f.s.i.PapelServiceImpl [PapelServiceImpl.java:28] PapelServiceImpl.analizarPapeis()
2020-01-09 09:53:46,171 INFO [AWT-EventQueue-0] f.v.PapelView [PapelView.java:140] PapelView.createMenuItemEnergetico().new ActionListener() {...}.actionPerformed()
2020-01-09 09:53:46,172 INFO [AWT-EventQueue-0] f.s.i.PapelServiceImpl [PapelServiceImpl.java:96] PapelServiceImpl.findBySetor() ENERGÉTICO
2020-01-09 09:53:46,173 INFO [AWT-EventQueue-0] f.s.i.PapelServiceImpl [PapelServiceImpl.java:112] PapelServiceImpl.createPapeis() ENERGÉTICO
2020-01-09 09:53:46,764 INFO [AWT-EventQueue-0] f.s.i.PapelServiceImpl [PapelServiceImpl.java:28] PapelServiceImpl.analizarPapeis()
2020-01-09 09:53:55,011 INFO [AWT-EventQueue-0] f.v.PapelView [PapelView.java:162] PapelView.createMenuItemTodoSetor().new ActionListener() {...}.actionPerformed() 
2020-01-09 09:53:55,012 INFO [AWT-EventQueue-0] f.s.i.PapelServiceImpl [PapelServiceImpl.java:96] PapelServiceImpl.findBySetor() TODOS
2020-01-09 09:53:55,013 INFO [AWT-EventQueue-0] f.s.i.PapelServiceImpl [PapelServiceImpl.java:112] PapelServiceImpl.createPapeis() TODOS
2020-01-09 09:53:56,770 INFO [AWT-EventQueue-0] f.s.i.PapelServiceImpl [PapelServiceImpl.java:28] PapelServiceImpl.analizarPapeis()
2020-01-09 10:04:21,215 INFO [AWT-EventQueue-0] f.v.PapelView [PapelView.java:162] PapelView.createMenuItemTodoSetor().new ActionListener() {...}.actionPerformed() 
2020-01-09 10:04:21,216 INFO [AWT-EventQueue-0] f.s.i.PapelServiceImpl [PapelServiceImpl.java:96] PapelServiceImpl.findBySetor() TODOS
2020-01-09 10:04:21,217 INFO [AWT-EventQueue-0] f.s.i.PapelServiceImpl [PapelServiceImpl.java:112] PapelServiceImpl.createPapeis() TODOS
2020-01-09 10:04:22,812 INFO [AWT-EventQueue-0] f.s.i.PapelServiceImpl [PapelServiceImpl.java:28] PapelServiceImpl.analizarPapeis()
2020-01-09 10:06:52,510 INFO [AWT-EventQueue-0] f.v.PapelView [PapelView.java:162] PapelView.createMenuItemTodoSetor().new ActionListener() {...}.actionPerformed() 
2020-01-09 10:06:52,512 INFO [AWT-EventQueue-0] f.s.i.PapelServiceImpl [PapelServiceImpl.java:96] PapelServiceImpl.findBySetor() TODOS
2020-01-09 10:06:52,513 INFO [AWT-EventQueue-0] f.s.i.PapelServiceImpl [PapelServiceImpl.java:112] PapelServiceImpl.createPapeis() TODOS
2020-01-09 10:06:55,213 INFO [AWT-EventQueue-0] f.s.i.PapelServiceImpl [PapelServiceImpl.java:28] PapelServiceImpl.analizarPapeis()
2020-01-09 10:07:18,393 INFO [AWT-EventQueue-0] f.v.PapelView [PapelView.java:162] PapelView.createMenuItemTodoSetor().new ActionListener() {...}.actionPerformed() 
2020-01-09 10:07:18,394 INFO [AWT-EventQueue-0] f.s.i.PapelServiceImpl [PapelServiceImpl.java:96] PapelServiceImpl.findBySetor() TODOS
2020-01-09 10:07:18,395 INFO [AWT-EventQueue-0] f.s.i.PapelServiceImpl [PapelServiceImpl.java:112] PapelServiceImpl.createPapeis() TODOS
2020-01-09 10:07:20,375 INFO [AWT-EventQueue-0] f.s.i.PapelServiceImpl [PapelServiceImpl.java:28] PapelServiceImpl.analizarPapeis()
2020-01-09 10:10:21,834 INFO [AWT-EventQueue-0] f.v.PapelView [PapelView.java:162] PapelView.createMenuItemTodoSetor().new ActionListener() {...}.actionPerformed() 
2020-01-09 10:10:21,835 INFO [AWT-EventQueue-0] f.s.i.PapelServiceImpl [PapelServiceImpl.java:96] PapelServiceImpl.findBySetor() TODOS
2020-01-09 10:10:21,836 INFO [AWT-EventQueue-0] f.s.i.PapelServiceImpl [PapelServiceImpl.java:112] PapelServiceImpl.createPapeis() TODOS
2020-01-09 10:10:24,366 INFO [AWT-EventQueue-0] f.s.i.PapelServiceImpl [PapelServiceImpl.java:28] PapelServiceImpl.analizarPapeis()
2020-01-09 10:40:15,509 INFO [main] f.Executar [Executar.java:22] Fundamentalista inicializar
2020-01-09 10:40:16,619 INFO [main] f.Executar [StartupInfoLogger.java:50] Starting Executar on C820-62007 with PID 14256 (H:\git\fundamentalista\fundamentalista\target\classes started by s203489 in H:\git\fundamentalista\fundamentalista)
2020-01-09 10:40:16,621 INFO [main] f.Executar [SpringApplication.java:680] No active profile set, falling back to default profiles: default
2020-01-09 10:40:23,830 INFO [main] f.Executar [StartupInfoLogger.java:59] Started Executar in 7.986 seconds (JVM running for 8.982)
2020-01-09 10:40:24,737 INFO [AWT-EventQueue-0] f.v.PapelView [PapelView.java:162] PapelView.createMenuItemTodoSetor().new ActionListener() {...}.actionPerformed() 
2020-01-09 10:40:24,738 INFO [AWT-EventQueue-0] f.s.i.PapelServiceImpl [PapelServiceImpl.java:96] PapelServiceImpl.findBySetor() TODOS
2020-01-09 10:40:24,739 INFO [AWT-EventQueue-0] f.s.i.PapelServiceImpl [PapelServiceImpl.java:112] PapelServiceImpl.createPapeis() TODOS
2020-01-09 10:40:27,105 INFO [AWT-EventQueue-0] f.s.i.PapelServiceImpl [PapelServiceImpl.java:28] PapelServiceImpl.analizarPapeis()
2020-01-09 10:45:15,704 INFO [main] f.Executar [Executar.java:22] Fundamentalista inicializar
2020-01-09 10:45:16,737 INFO [main] f.Executar [StartupInfoLogger.java:50] Starting Executar on C820-62007 with PID 7152 (H:\git\fundamentalista\fundamentalista\target\classes started by s203489 in H:\git\fundamentalista\fundamentalista)
2020-01-09 10:45:16,738 INFO [main] f.Executar [SpringApplication.java:680] No active profile set, falling back to default profiles: default
2020-01-09 10:45:23,514 INFO [main] f.Executar [StartupInfoLogger.java:59] Started Executar in 7.453 seconds (JVM running for 8.426)
2020-01-09 10:45:23,847 INFO [AWT-EventQueue-0] f.v.PapelView [PapelView.java:162] PapelView.createMenuItemTodoSetor().new ActionListener() {...}.actionPerformed() 
2020-01-09 10:45:23,848 INFO [AWT-EventQueue-0] f.s.i.PapelServiceImpl [PapelServiceImpl.java:96] PapelServiceImpl.findBySetor() TODOS
2020-01-09 10:45:23,849 INFO [AWT-EventQueue-0] f.s.i.PapelServiceImpl [PapelServiceImpl.java:112] PapelServiceImpl.createPapeis() TODOS
2020-01-09 10:45:25,994 INFO [AWT-EventQueue-0] f.s.i.PapelServiceImpl [PapelServiceImpl.java:28] PapelServiceImpl.analizarPapeis()
2020-01-09 11:00:25,362 INFO [main] f.Executar [Executar.java:22] Fundamentalista inicializar
2020-01-09 11:00:26,540 INFO [main] f.Executar [StartupInfoLogger.java:50] Starting Executar on C820-62007 with PID 20072 (H:\git\fundamentalista\fundamentalista\target\classes started by s203489 in H:\git\fundamentalista\fundamentalista)
2020-01-09 11:00:26,542 INFO [main] f.Executar [SpringApplication.java:680] No active profile set, falling back to default profiles: default
2020-01-09 11:00:35,032 INFO [main] f.Executar [StartupInfoLogger.java:59] Started Executar in 9.284 seconds (JVM running for 10.275)
2020-01-09 11:00:40,047 INFO [AWT-EventQueue-0] f.v.PapelView [PapelView.java:162] PapelView.createMenuItemTodoSetor().new ActionListener() {...}.actionPerformed() 
2020-01-09 11:00:40,048 INFO [AWT-EventQueue-0] f.s.i.PapelServiceImpl [PapelServiceImpl.java:96] PapelServiceImpl.findBySetor() TODOS
2020-01-09 11:00:40,049 INFO [AWT-EventQueue-0] f.s.i.PapelServiceImpl [PapelServiceImpl.java:112] PapelServiceImpl.createPapeis() TODOS
2020-01-09 11:00:43,101 INFO [AWT-EventQueue-0] f.s.i.PapelServiceImpl [PapelServiceImpl.java:28] PapelServiceImpl.analizarPapeis()
2020-01-09 13:40:24,729 INFO [main] f.Executar [Executar.java:22] Fundamentalista inicializar
2020-01-09 13:40:25,825 INFO [main] f.Executar [StartupInfoLogger.java:50] Starting Executar on C820-62007 with PID 7012 (H:\git\fundamentalista\fundamentalista\target\classes started by s203489 in H:\git\fundamentalista\fundamentalista)
2020-01-09 13:40:25,827 INFO [main] f.Executar [SpringApplication.java:680] No active profile set, falling back to default profiles: default
2020-01-09 13:40:34,721 INFO [main] f.Executar [StartupInfoLogger.java:59] Started Executar in 9.644 seconds (JVM running for 10.643)
2020-01-09 13:42:47,207 INFO [main] f.Executar [Executar.java:22] Fundamentalista inicializar
2020-01-09 13:42:48,214 INFO [main] f.Executar [StartupInfoLogger.java:50] Starting Executar on C820-62007 with PID 15160 (H:\git\fundamentalista\fundamentalista\target\classes started by s203489 in H:\git\fundamentalista\fundamentalista)
2020-01-09 13:42:48,216 INFO [main] f.Executar [SpringApplication.java:680] No active profile set, falling back to default profiles: default
2020-01-09 13:42:55,918 INFO [main] f.Executar [StartupInfoLogger.java:59] Started Executar in 8.366 seconds (JVM running for 9.326)
2020-01-09 13:42:59,780 INFO [AWT-EventQueue-0] f.v.PapelView [PapelView.java:162] PapelView.createMenuItemTodoSetor().new ActionListener() {...}.actionPerformed() 
2020-01-09 13:42:59,781 INFO [AWT-EventQueue-0] f.s.i.PapelServiceImpl [PapelServiceImpl.java:102] PapelServiceImpl.findBySetor() TODOS
2020-01-09 13:42:59,782 INFO [AWT-EventQueue-0] f.s.i.PapelServiceImpl [PapelServiceImpl.java:118] PapelServiceImpl.createPapeis() TODOS
2020-01-09 13:43:01,660 INFO [AWT-EventQueue-0] f.s.i.PapelServiceImpl [PapelServiceImpl.java:28] PapelServiceImpl.analizarPapeis()
2020-01-09 13:43:30,125 INFO [AWT-EventQueue-0] f.v.PapelView [PapelView.java:162] PapelView.createMenuItemTodoSetor().new ActionListener() {...}.actionPerformed() 
2020-01-09 13:43:30,126 INFO [AWT-EventQueue-0] f.s.i.PapelServiceImpl [PapelServiceImpl.java:102] PapelServiceImpl.findBySetor() TODOS
2020-01-09 13:43:30,127 INFO [AWT-EventQueue-0] f.s.i.PapelServiceImpl [PapelServiceImpl.java:118] PapelServiceImpl.createPapeis() TODOS
2020-01-09 13:43:31,916 INFO [AWT-EventQueue-0] f.s.i.PapelServiceImpl [PapelServiceImpl.java:28] PapelServiceImpl.analizarPapeis()
2020-01-09 13:44:12,925 INFO [main] f.Executar [Executar.java:22] Fundamentalista inicializar
2020-01-09 13:44:13,871 INFO [main] f.Executar [StartupInfoLogger.java:50] Starting Executar on C820-62007 with PID 19424 (H:\git\fundamentalista\fundamentalista\target\classes started by s203489 in H:\git\fundamentalista\fundamentalista)
2020-01-09 13:44:13,872 INFO [main] f.Executar [SpringApplication.java:680] No active profile set, falling back to default profiles: default
2020-01-09 13:44:20,043 INFO [main] f.Executar [StartupInfoLogger.java:59] Started Executar in 6.797 seconds (JVM running for 7.71)
2020-01-09 13:44:21,641 INFO [AWT-EventQueue-0] f.v.PapelView [PapelView.java:162] PapelView.createMenuItemTodoSetor().new ActionListener() {...}.actionPerformed() 
2020-01-09 13:44:21,643 INFO [AWT-EventQueue-0] f.s.i.PapelServiceImpl [PapelServiceImpl.java:102] PapelServiceImpl.findBySetor() TODOS
2020-01-09 13:44:21,645 INFO [AWT-EventQueue-0] f.s.i.PapelServiceImpl [PapelServiceImpl.java:118] PapelServiceImpl.createPapeis() TODOS
2020-01-09 13:44:23,600 INFO [AWT-EventQueue-0] f.s.i.PapelServiceImpl [PapelServiceImpl.java:28] PapelServiceImpl.analizarPapeis()
2020-01-09 13:44:41,481 INFO [main] f.Executar [Executar.java:22] Fundamentalista inicializar
2020-01-09 13:44:42,924 INFO [main] f.Executar [StartupInfoLogger.java:50] Starting Executar on C820-62007 with PID 18552 (H:\git\fundamentalista\fundamentalista\target\classes started by s203489 in H:\git\fundamentalista\fundamentalista)
2020-01-09 13:44:42,926 INFO [main] f.Executar [SpringApplication.java:680] No active profile set, falling back to default profiles: default
2020-01-09 13:44:50,958 INFO [main] f.Executar [StartupInfoLogger.java:59] Started Executar in 9.023 seconds (JVM running for 10.587)
2020-01-09 13:44:51,641 INFO [AWT-EventQueue-0] f.v.PapelView [PapelView.java:162] PapelView.createMenuItemTodoSetor().new ActionListener() {...}.actionPerformed() 
2020-01-09 13:44:51,643 INFO [AWT-EventQueue-0] f.s.i.PapelServiceImpl [PapelServiceImpl.java:102] PapelServiceImpl.findBySetor() TODOS
2020-01-09 13:44:51,644 INFO [AWT-EventQueue-0] f.s.i.PapelServiceImpl [PapelServiceImpl.java:118] PapelServiceImpl.createPapeis() TODOS
2020-01-09 13:44:55,264 INFO [AWT-EventQueue-0] f.s.i.PapelServiceImpl [PapelServiceImpl.java:28] PapelServiceImpl.analizarPapeis()
2020-01-09 13:45:00,315 INFO [AWT-EventQueue-0] f.v.PapelView [PapelView.java:162] PapelView.createMenuItemTodoSetor().new ActionListener() {...}.actionPerformed() 
2020-01-09 13:45:00,316 INFO [AWT-EventQueue-0] f.s.i.PapelServiceImpl [PapelServiceImpl.java:102] PapelServiceImpl.findBySetor() TODOS
2020-01-09 13:45:00,319 INFO [AWT-EventQueue-0] f.s.i.PapelServiceImpl [PapelServiceImpl.java:118] PapelServiceImpl.createPapeis() TODOS
2020-01-09 13:45:02,936 INFO [AWT-EventQueue-0] f.s.i.PapelServiceImpl [PapelServiceImpl.java:28] PapelServiceImpl.analizarPapeis()
2020-01-09 13:45:11,855 INFO [AWT-EventQueue-0] f.v.PapelView [PapelView.java:162] PapelView.createMenuItemTodoSetor().new ActionListener() {...}.actionPerformed() 
2020-01-09 13:45:11,857 INFO [AWT-EventQueue-0] f.s.i.PapelServiceImpl [PapelServiceImpl.java:102] PapelServiceImpl.findBySetor() TODOS
2020-01-09 13:45:11,858 INFO [AWT-EventQueue-0] f.s.i.PapelServiceImpl [PapelServiceImpl.java:118] PapelServiceImpl.createPapeis() TODOS
2020-01-09 13:45:13,821 INFO [AWT-EventQueue-0] f.s.i.PapelServiceImpl [PapelServiceImpl.java:28] PapelServiceImpl.analizarPapeis()
2020-01-09 13:55:24,964 INFO [main] f.Executar [Executar.java:22] Fundamentalista inicializar
2020-01-09 13:55:26,016 INFO [main] f.Executar [StartupInfoLogger.java:50] Starting Executar on C820-62007 with PID 2304 (H:\git\fundamentalista\fundamentalista\target\classes started by s203489 in H:\git\fundamentalista\fundamentalista)
2020-01-09 13:55:26,019 INFO [main] f.Executar [SpringApplication.java:680] No active profile set, falling back to default profiles: default
2020-01-09 13:55:33,754 INFO [main] f.Executar [StartupInfoLogger.java:59] Started Executar in 8.444 seconds (JVM running for 9.436)
2020-01-09 13:55:35,280 INFO [AWT-EventQueue-0] f.v.PapelView [PapelView.java:162] PapelView.createMenuItemTodoSetor().new ActionListener() {...}.actionPerformed() 
2020-01-09 13:55:35,281 INFO [AWT-EventQueue-0] f.s.i.PapelServiceImpl [PapelServiceImpl.java:102] PapelServiceImpl.findBySetor() TODOS
2020-01-09 13:55:35,282 INFO [AWT-EventQueue-0] f.s.i.PapelServiceImpl [PapelServiceImpl.java:118] PapelServiceImpl.createPapeis() TODOS
2020-01-09 13:55:37,308 INFO [AWT-EventQueue-0] f.s.i.PapelServiceImpl [PapelServiceImpl.java:28] PapelServiceImpl.analizarPapeis()
2020-01-09 14:51:51,990 INFO [main] f.Executar [Executar.java:22] Fundamentalista inicializar
2020-01-09 14:51:53,116 INFO [main] f.Executar [StartupInfoLogger.java:50] Starting Executar on C820-62007 with PID 19268 (H:\git\fundamentalista\fundamentalista\target\classes started by s203489 in H:\git\fundamentalista\fundamentalista)
2020-01-09 14:51:53,124 INFO [main] f.Executar [SpringApplication.java:680] No active profile set, falling back to default profiles: default
2020-01-09 14:52:02,589 INFO [main] f.Executar [StartupInfoLogger.java:59] Started Executar in 10.243 seconds (JVM running for 11.239)
2020-01-09 14:52:04,006 INFO [AWT-EventQueue-0] f.v.PapelView [PapelView.java:162] PapelView.createMenuItemTodoSetor().new ActionListener() {...}.actionPerformed() 
2020-01-09 14:52:04,009 INFO [AWT-EventQueue-0] f.s.i.PapelServiceImpl [PapelServiceImpl.java:108] PapelServiceImpl.findBySetor() TODOS
2020-01-09 14:52:04,010 INFO [AWT-EventQueue-0] f.s.i.PapelServiceImpl [PapelServiceImpl.java:124] PapelServiceImpl.createPapeis() TODOS
2020-01-09 14:52:06,073 INFO [AWT-EventQueue-0] f.s.i.PapelServiceImpl [PapelServiceImpl.java:28] PapelServiceImpl.analizarPapeis()
2020-01-09 14:53:11,273 INFO [main] f.Executar [Executar.java:22] Fundamentalista inicializar
2020-01-09 14:53:12,355 INFO [main] f.Executar [StartupInfoLogger.java:50] Starting Executar on C820-62007 with PID 9424 (H:\git\fundamentalista\fundamentalista\target\classes started by s203489 in H:\git\fundamentalista\fundamentalista)
2020-01-09 14:53:12,358 INFO [main] f.Executar [SpringApplication.java:680] No active profile set, falling back to default profiles: default
2020-01-09 14:53:19,595 INFO [main] f.Executar [StartupInfoLogger.java:59] Started Executar in 7.959 seconds (JVM running for 8.992)
2020-01-09 14:53:20,522 INFO [AWT-EventQueue-0] f.v.PapelView [PapelView.java:162] PapelView.createMenuItemTodoSetor().new ActionListener() {...}.actionPerformed() 
2020-01-09 14:53:20,523 INFO [AWT-EventQueue-0] f.s.i.PapelServiceImpl [PapelServiceImpl.java:108] PapelServiceImpl.findBySetor() TODOS
2020-01-09 14:53:20,525 INFO [AWT-EventQueue-0] f.s.i.PapelServiceImpl [PapelServiceImpl.java:124] PapelServiceImpl.createPapeis() TODOS
2020-01-09 14:53:22,579 INFO [AWT-EventQueue-0] f.s.i.PapelServiceImpl [PapelServiceImpl.java:28] PapelServiceImpl.analizarPapeis()
2020-01-09 14:54:29,980 INFO [main] f.Executar [Executar.java:22] Fundamentalista inicializar
2020-01-09 14:54:31,121 INFO [main] f.Executar [StartupInfoLogger.java:50] Starting Executar on C820-62007 with PID 5496 (H:\git\fundamentalista\fundamentalista\target\classes started by s203489 in H:\git\fundamentalista\fundamentalista)
2020-01-09 14:54:31,124 INFO [main] f.Executar [SpringApplication.java:680] No active profile set, falling back to default profiles: default
2020-01-09 14:54:37,974 INFO [main] f.Executar [StartupInfoLogger.java:59] Started Executar in 7.616 seconds (JVM running for 8.636)
2020-01-09 14:54:39,506 INFO [AWT-EventQueue-0] f.v.PapelView [PapelView.java:162] PapelView.createMenuItemTodoSetor().new ActionListener() {...}.actionPerformed() 
2020-01-09 14:54:39,507 INFO [AWT-EventQueue-0] f.s.i.PapelServiceImpl [PapelServiceImpl.java:108] PapelServiceImpl.findBySetor() TODOS
2020-01-09 14:54:39,508 INFO [AWT-EventQueue-0] f.s.i.PapelServiceImpl [PapelServiceImpl.java:124] PapelServiceImpl.createPapeis() TODOS
2020-01-09 14:54:41,539 INFO [AWT-EventQueue-0] f.s.i.PapelServiceImpl [PapelServiceImpl.java:28] PapelServiceImpl.analizarPapeis()
2020-01-09 14:56:46,359 INFO [main] f.Executar [Executar.java:22] Fundamentalista inicializar
2020-01-09 14:56:47,387 INFO [main] f.Executar [StartupInfoLogger.java:50] Starting Executar on C820-62007 with PID 14628 (H:\git\fundamentalista\fundamentalista\target\classes started by s203489 in H:\git\fundamentalista\fundamentalista)
2020-01-09 14:56:47,389 INFO [main] f.Executar [SpringApplication.java:680] No active profile set, falling back to default profiles: default
2020-01-09 14:56:53,666 INFO [main] f.Executar [StartupInfoLogger.java:59] Started Executar in 6.942 seconds (JVM running for 8.066)
2020-01-09 14:56:54,763 INFO [AWT-EventQueue-0] f.v.PapelView [PapelView.java:162] PapelView.createMenuItemTodoSetor().new ActionListener() {...}.actionPerformed() 
2020-01-09 14:56:54,764 INFO [AWT-EventQueue-0] f.s.i.PapelServiceImpl [PapelServiceImpl.java:108] PapelServiceImpl.findBySetor() TODOS
2020-01-09 14:56:54,765 INFO [AWT-EventQueue-0] f.s.i.PapelServiceImpl [PapelServiceImpl.java:124] PapelServiceImpl.createPapeis() TODOS
2020-01-09 14:56:56,582 INFO [AWT-EventQueue-0] f.s.i.PapelServiceImpl [PapelServiceImpl.java:28] PapelServiceImpl.analizarPapeis()
2020-01-09 14:57:19,174 INFO [main] f.Executar [Executar.java:22] Fundamentalista inicializar
2020-01-09 14:57:20,213 INFO [main] f.Executar [StartupInfoLogger.java:50] Starting Executar on C820-62007 with PID 19848 (H:\git\fundamentalista\fundamentalista\target\classes started by s203489 in H:\git\fundamentalista\fundamentalista)
2020-01-09 14:57:20,215 INFO [main] f.Executar [SpringApplication.java:680] No active profile set, falling back to default profiles: default
2020-01-09 14:57:26,889 INFO [main] f.Executar [StartupInfoLogger.java:59] Started Executar in 7.349 seconds (JVM running for 8.334)
2020-01-09 14:57:27,754 INFO [AWT-EventQueue-0] f.v.PapelView [PapelView.java:162] PapelView.createMenuItemTodoSetor().new ActionListener() {...}.actionPerformed() 
2020-01-09 14:57:27,756 INFO [AWT-EventQueue-0] f.s.i.PapelServiceImpl [PapelServiceImpl.java:108] PapelServiceImpl.findBySetor() TODOS
2020-01-09 14:57:27,757 INFO [AWT-EventQueue-0] f.s.i.PapelServiceImpl [PapelServiceImpl.java:124] PapelServiceImpl.createPapeis() TODOS
2020-01-09 14:57:30,477 INFO [AWT-EventQueue-0] f.s.i.PapelServiceImpl [PapelServiceImpl.java:28] PapelServiceImpl.analizarPapeis()
2020-01-10 08:15:28,140 INFO [main] f.Executar [Executar.java:22] Fundamentalista inicializar
2020-01-10 08:15:30,822 INFO [main] f.Executar [StartupInfoLogger.java:50] Starting Executar on C820-62007 with PID 18980 (H:\git\fundamentalista\fundamentalista\target\classes started by s203489 in H:\git\fundamentalista\fundamentalista)
2020-01-10 08:15:30,842 INFO [main] f.Executar [SpringApplication.java:680] No active profile set, falling back to default profiles: default
2020-01-10 08:15:41,064 ERROR [main] f.Executar [Executar.java:49] Error creating bean with name 'papelService': Unsatisfied dependency expressed through field 'papelDao'; nested exception is org.springframework.beans.factory.NoSuchBeanDefinitionException: No qualifying bean of type 'fundamentalista.dao.PapelDAO' available: expected at least 1 bean which qualifies as autowire candidate. Dependency annotations: {@org.springframework.beans.factory.annotation.Autowired(required=true)}
2020-01-10 08:15:55,186 INFO [main] f.Executar [Executar.java:22] Fundamentalista inicializar
2020-01-10 08:15:56,690 INFO [main] f.Executar [StartupInfoLogger.java:50] Starting Executar on C820-62007 with PID 11372 (H:\git\fundamentalista\fundamentalista\target\classes started by s203489 in H:\git\fundamentalista\fundamentalista)
2020-01-10 08:15:56,693 INFO [main] f.Executar [SpringApplication.java:680] No active profile set, falling back to default profiles: default
2020-01-10 08:16:02,356 ERROR [main] f.Executar [Executar.java:49] Error creating bean with name 'papelService': Unsatisfied dependency expressed through field 'papelDao'; nested exception is org.springframework.beans.factory.NoSuchBeanDefinitionException: No qualifying bean of type 'fundamentalista.dao.PapelDAO' available: expected at least 1 bean which qualifies as autowire candidate. Dependency annotations: {@org.springframework.beans.factory.annotation.Autowired(required=true)}
2020-01-10 08:16:33,925 INFO [main] f.Executar [Executar.java:22] Fundamentalista inicializar
2020-01-10 08:16:35,410 INFO [main] f.Executar [StartupInfoLogger.java:50] Starting Executar on C820-62007 with PID 168 (H:\git\fundamentalista\fundamentalista\target\classes started by s203489 in H:\git\fundamentalista\fundamentalista)
2020-01-10 08:16:35,413 INFO [main] f.Executar [SpringApplication.java:680] No active profile set, falling back to default profiles: default
2020-01-10 08:16:44,115 INFO [main] f.Executar [StartupInfoLogger.java:59] Started Executar in 9.722 seconds (JVM running for 11.237)
2020-01-10 08:16:45,828 INFO [AWT-EventQueue-0] f.v.PapelView [PapelView.java:162] PapelView.createMenuItemTodoSetor().new ActionListener() {...}.actionPerformed() 
2020-01-10 08:16:45,829 INFO [AWT-EventQueue-0] f.s.i.PapelServiceImpl [PapelServiceImpl.java:112] PapelServiceImpl.findBySetor() TODOS
2020-01-10 08:16:45,830 INFO [AWT-EventQueue-0] f.s.i.PapelServiceImpl [PapelServiceImpl.java:128] PapelServiceImpl.createPapeis() TODOS
2020-01-10 08:17:23,976 INFO [main] f.Executar [Executar.java:22] Fundamentalista inicializar
2020-01-10 08:17:25,860 INFO [main] f.Executar [StartupInfoLogger.java:50] Starting Executar on C820-62007 with PID 16328 (H:\git\fundamentalista\fundamentalista\target\classes started by s203489 in H:\git\fundamentalista\fundamentalista)
2020-01-10 08:17:25,864 INFO [main] f.Executar [SpringApplication.java:680] No active profile set, falling back to default profiles: default
2020-01-10 08:17:35,313 INFO [main] f.Executar [StartupInfoLogger.java:59] Started Executar in 10.763 seconds (JVM running for 12.473)
2020-01-10 08:17:37,074 INFO [AWT-EventQueue-0] f.v.PapelView [PapelView.java:162] PapelView.createMenuItemTodoSetor().new ActionListener() {...}.actionPerformed() 
2020-01-10 08:17:37,075 INFO [AWT-EventQueue-0] f.s.i.PapelServiceImpl [PapelServiceImpl.java:112] PapelServiceImpl.findBySetor() TODOS
2020-01-10 08:17:37,076 INFO [AWT-EventQueue-0] f.s.i.PapelServiceImpl [PapelServiceImpl.java:128] PapelServiceImpl.createPapeis() TODOS
2020-01-10 08:17:47,402 INFO [AWT-EventQueue-0] f.s.i.PapelServiceImpl [PapelServiceImpl.java:32] PapelServiceImpl.analizarPapeis()
2020-01-10 08:18:55,817 INFO [main] f.Executar [Executar.java:22] Fundamentalista inicializar
2020-01-10 08:18:57,334 INFO [main] f.Executar [StartupInfoLogger.java:50] Starting Executar on C820-62007 with PID 20208 (H:\git\fundamentalista\fundamentalista\target\classes started by s203489 in H:\git\fundamentalista\fundamentalista)
2020-01-10 08:18:57,337 INFO [main] f.Executar [SpringApplication.java:680] No active profile set, falling back to default profiles: default
2020-01-10 08:19:06,390 INFO [main] f.Executar [StartupInfoLogger.java:59] Started Executar in 10.093 seconds (JVM running for 11.597)
2020-01-10 08:19:07,562 INFO [AWT-EventQueue-0] f.v.PapelView [PapelView.java:162] PapelView.createMenuItemTodoSetor().new ActionListener() {...}.actionPerformed() 
2020-01-10 08:19:07,564 INFO [AWT-EventQueue-0] f.s.i.PapelServiceImpl [PapelServiceImpl.java:112] PapelServiceImpl.findBySetor() TODOS
2020-01-10 08:19:07,565 INFO [AWT-EventQueue-0] f.s.i.PapelServiceImpl [PapelServiceImpl.java:128] PapelServiceImpl.createPapeis() TODOS
2020-01-10 08:19:45,154 INFO [AWT-EventQueue-0] f.s.i.PapelServiceImpl [PapelServiceImpl.java:32] PapelServiceImpl.analizarPapeis()
2020-01-10 08:19:48,250 INFO [AWT-EventQueue-0] f.v.PapelView [PapelView.java:162] PapelView.createMenuItemTodoSetor().new ActionListener() {...}.actionPerformed() 
2020-01-10 08:19:48,251 INFO [AWT-EventQueue-0] f.s.i.PapelServiceImpl [PapelServiceImpl.java:112] PapelServiceImpl.findBySetor() TODOS
2020-01-10 08:19:48,252 INFO [AWT-EventQueue-0] f.s.i.PapelServiceImpl [PapelServiceImpl.java:128] PapelServiceImpl.createPapeis() TODOS
2020-01-10 08:20:00,634 INFO [AWT-EventQueue-0] f.s.i.PapelServiceImpl [PapelServiceImpl.java:32] PapelServiceImpl.analizarPapeis()
2020-01-10 08:20:08,801 INFO [AWT-EventQueue-0] f.s.i.PapelServiceImpl [PapelServiceImpl.java:112] PapelServiceImpl.findBySetor() FINANCEIRO
2020-01-10 08:20:08,802 INFO [AWT-EventQueue-0] f.s.i.PapelServiceImpl [PapelServiceImpl.java:128] PapelServiceImpl.createPapeis() FINANCEIRO
2020-01-10 08:20:09,059 INFO [AWT-EventQueue-0] f.s.i.PapelServiceImpl [PapelServiceImpl.java:32] PapelServiceImpl.analizarPapeis()
2020-01-10 08:20:12,338 INFO [AWT-EventQueue-0] f.s.i.PapelServiceImpl [PapelServiceImpl.java:112] PapelServiceImpl.findBySetor() VESTUÁRIO
2020-01-10 08:20:12,339 INFO [AWT-EventQueue-0] f.s.i.PapelServiceImpl [PapelServiceImpl.java:128] PapelServiceImpl.createPapeis() VESTUÁRIO
2020-01-10 08:20:12,575 INFO [AWT-EventQueue-0] f.s.i.PapelServiceImpl [PapelServiceImpl.java:32] PapelServiceImpl.analizarPapeis()
2020-01-10 08:20:15,546 INFO [AWT-EventQueue-0] f.v.PapelView [PapelView.java:140] PapelView.createMenuItemEnergetico().new ActionListener() {...}.actionPerformed()
2020-01-10 08:20:15,547 INFO [AWT-EventQueue-0] f.s.i.PapelServiceImpl [PapelServiceImpl.java:112] PapelServiceImpl.findBySetor() ENERGÉTICO
2020-01-10 08:20:15,548 INFO [AWT-EventQueue-0] f.s.i.PapelServiceImpl [PapelServiceImpl.java:128] PapelServiceImpl.createPapeis() ENERGÉTICO
2020-01-10 08:20:15,783 INFO [AWT-EventQueue-0] f.s.i.PapelServiceImpl [PapelServiceImpl.java:32] PapelServiceImpl.analizarPapeis()
2020-01-10 08:20:17,786 INFO [AWT-EventQueue-0] f.v.PapelView [PapelView.java:162] PapelView.createMenuItemTodoSetor().new ActionListener() {...}.actionPerformed() 
2020-01-10 08:20:17,787 INFO [AWT-EventQueue-0] f.s.i.PapelServiceImpl [PapelServiceImpl.java:112] PapelServiceImpl.findBySetor() TODOS
2020-01-10 08:20:17,788 INFO [AWT-EventQueue-0] f.s.i.PapelServiceImpl [PapelServiceImpl.java:128] PapelServiceImpl.createPapeis() TODOS
2020-01-10 08:20:18,022 INFO [AWT-EventQueue-0] f.s.i.PapelServiceImpl [PapelServiceImpl.java:32] PapelServiceImpl.analizarPapeis()
2020-01-10 08:23:17,337 INFO [main] f.Executar [Executar.java:22] Fundamentalista inicializar
2020-01-10 08:23:18,778 INFO [main] f.Executar [StartupInfoLogger.java:50] Starting Executar on C820-62007 with PID 5092 (H:\git\fundamentalista\fundamentalista\target\classes started by s203489 in H:\git\fundamentalista\fundamentalista)
2020-01-10 08:23:18,781 INFO [main] f.Executar [SpringApplication.java:680] No active profile set, falling back to default profiles: default
2020-01-10 08:23:27,526 INFO [main] f.Executar [StartupInfoLogger.java:59] Started Executar in 9.743 seconds (JVM running for 11.212)
2020-01-10 08:23:36,434 INFO [AWT-EventQueue-0] f.v.PapelView [PapelView.java:162] PapelView.createMenuItemTodoSetor().new ActionListener() {...}.actionPerformed() 
2020-01-10 08:23:36,435 INFO [AWT-EventQueue-0] f.s.i.PapelServiceImpl [PapelServiceImpl.java:112] PapelServiceImpl.findBySetor() TODOS
2020-01-10 08:23:36,437 INFO [AWT-EventQueue-0] f.s.i.PapelServiceImpl [PapelServiceImpl.java:128] PapelServiceImpl.createPapeis() TODOS
2020-01-10 08:24:09,504 INFO [main] f.Executar [Executar.java:22] Fundamentalista inicializar
2020-01-10 08:24:11,021 INFO [main] f.Executar [StartupInfoLogger.java:50] Starting Executar on C820-62007 with PID 12632 (H:\git\fundamentalista\fundamentalista\target\classes started by s203489 in H:\git\fundamentalista\fundamentalista)
2020-01-10 08:24:11,024 INFO [main] f.Executar [SpringApplication.java:680] No active profile set, falling back to default profiles: default
2020-01-10 08:24:19,322 INFO [AWT-EventQueue-0] f.v.PapelView [PapelView.java:162] PapelView.createMenuItemTodoSetor().new ActionListener() {...}.actionPerformed() 
2020-01-10 08:24:19,324 INFO [AWT-EventQueue-0] f.s.i.PapelServiceImpl [PapelServiceImpl.java:112] PapelServiceImpl.findBySetor() TODOS
2020-01-10 08:24:19,325 INFO [AWT-EventQueue-0] f.s.i.PapelServiceImpl [PapelServiceImpl.java:128] PapelServiceImpl.createPapeis() TODOS
2020-01-10 08:24:20,121 INFO [main] f.Executar [StartupInfoLogger.java:59] Started Executar in 10.146 seconds (JVM running for 11.722)
2020-01-10 08:24:34,641 INFO [AWT-EventQueue-0] f.s.i.PapelServiceImpl [PapelServiceImpl.java:32] PapelServiceImpl.analizarPapeis()
2020-01-10 08:24:40,010 INFO [AWT-EventQueue-0] f.v.PapelView [PapelView.java:140] PapelView.createMenuItemEnergetico().new ActionListener() {...}.actionPerformed()
2020-01-10 08:24:40,011 INFO [AWT-EventQueue-0] f.s.i.PapelServiceImpl [PapelServiceImpl.java:112] PapelServiceImpl.findBySetor() ENERGÉTICO
2020-01-10 08:24:40,012 INFO [AWT-EventQueue-0] f.s.i.PapelServiceImpl [PapelServiceImpl.java:128] PapelServiceImpl.createPapeis() ENERGÉTICO
2020-01-10 08:25:08,713 INFO [AWT-EventQueue-0] f.s.i.PapelServiceImpl [PapelServiceImpl.java:32] PapelServiceImpl.analizarPapeis()
2020-01-10 08:25:12,426 INFO [AWT-EventQueue-0] f.v.PapelView [PapelView.java:162] PapelView.createMenuItemTodoSetor().new ActionListener() {...}.actionPerformed() 
2020-01-10 08:25:12,427 INFO [AWT-EventQueue-0] f.s.i.PapelServiceImpl [PapelServiceImpl.java:112] PapelServiceImpl.findBySetor() TODOS
2020-01-10 08:25:12,428 INFO [AWT-EventQueue-0] f.s.i.PapelServiceImpl [PapelServiceImpl.java:128] PapelServiceImpl.createPapeis() TODOS
2020-01-10 08:25:15,013 INFO [AWT-EventQueue-0] f.s.i.PapelServiceImpl [PapelServiceImpl.java:32] PapelServiceImpl.analizarPapeis()
2020-01-10 08:25:19,138 INFO [AWT-EventQueue-0] f.v.PapelView [PapelView.java:140] PapelView.createMenuItemEnergetico().new ActionListener() {...}.actionPerformed()
2020-01-10 08:25:19,139 INFO [AWT-EventQueue-0] f.s.i.PapelServiceImpl [PapelServiceImpl.java:112] PapelServiceImpl.findBySetor() ENERGÉTICO
2020-01-10 08:25:19,140 INFO [AWT-EventQueue-0] f.s.i.PapelServiceImpl [PapelServiceImpl.java:128] PapelServiceImpl.createPapeis() ENERGÉTICO
2020-01-10 08:25:21,116 INFO [AWT-EventQueue-0] f.s.i.PapelServiceImpl [PapelServiceImpl.java:32] PapelServiceImpl.analizarPapeis()
2020-01-10 08:25:24,410 INFO [AWT-EventQueue-0] f.v.PapelView [PapelView.java:162] PapelView.createMenuItemTodoSetor().new ActionListener() {...}.actionPerformed() 
2020-01-10 08:25:24,411 INFO [AWT-EventQueue-0] f.s.i.PapelServiceImpl [PapelServiceImpl.java:112] PapelServiceImpl.findBySetor() TODOS
2020-01-10 08:25:24,412 INFO [AWT-EventQueue-0] f.s.i.PapelServiceImpl [PapelServiceImpl.java:128] PapelServiceImpl.createPapeis() TODOS
2020-01-10 08:25:24,650 INFO [AWT-EventQueue-0] f.s.i.PapelServiceImpl [PapelServiceImpl.java:32] PapelServiceImpl.analizarPapeis()
